{"/home/runner/work/vscode-pets/vscode-pets/out/extension/extension.js":{"path":"/home/runner/work/vscode-pets/vscode-pets/out/extension/extension.js","statementMap":{"0":{"start":{"line":2,"column":0},"end":{"line":2,"column":62}},"1":{"start":{"line":3,"column":0},"end":{"line":3,"column":117}},"2":{"start":{"line":4,"column":15},"end":{"line":4,"column":32}},"3":{"start":{"line":5,"column":16},"end":{"line":5,"column":42}},"4":{"start":{"line":6,"column":16},"end":{"line":6,"column":42}},"5":{"start":{"line":7,"column":17},"end":{"line":7,"column":46}},"6":{"start":{"line":8,"column":15},"end":{"line":8,"column":39}},"7":{"start":{"line":9,"column":23},"end":{"line":9,"column":47}},"8":{"start":{"line":10,"column":29},"end":{"line":10,"column":54}},"9":{"start":{"line":11,"column":30},"end":{"line":11,"column":56}},"10":{"start":{"line":12,"column":29},"end":{"line":12,"column":54}},"11":{"start":{"line":13,"column":26},"end":{"line":13,"column":32}},"12":{"start":{"line":14,"column":22},"end":{"line":14,"column":29}},"13":{"start":{"line":15,"column":25},"end":{"line":15,"column":30}},"14":{"start":{"line":16,"column":25},"end":{"line":16,"column":32}},"15":{"start":{"line":17,"column":22},"end":{"line":17,"column":28}},"16":{"start":{"line":23,"column":8},"end":{"line":23,"column":27}},"17":{"start":{"line":24,"column":8},"end":{"line":24,"column":25}},"18":{"start":{"line":25,"column":8},"end":{"line":25,"column":27}},"19":{"start":{"line":26,"column":8},"end":{"line":26,"column":26}},"20":{"start":{"line":27,"column":8},"end":{"line":27,"column":27}},"21":{"start":{"line":28,"column":8},"end":{"line":28,"column":46}},"22":{"start":{"line":41,"column":15},"end":{"line":43,"column":42}},"23":{"start":{"line":44,"column":4},"end":{"line":46,"column":5}},"24":{"start":{"line":45,"column":8},"end":{"line":45,"column":33}},"25":{"start":{"line":47,"column":4},"end":{"line":47,"column":16}},"26":{"start":{"line":50,"column":16},"end":{"line":52,"column":36}},"27":{"start":{"line":53,"column":4},"end":{"line":55,"column":5}},"28":{"start":{"line":54,"column":8},"end":{"line":54,"column":30}},"29":{"start":{"line":56,"column":4},"end":{"line":56,"column":17}},"30":{"start":{"line":59,"column":4},"end":{"line":59,"column":47}},"31":{"start":{"line":62,"column":4},"end":{"line":64,"column":43}},"32":{"start":{"line":67,"column":4},"end":{"line":69,"column":41}},"33":{"start":{"line":72,"column":18},"end":{"line":72,"column":31}},"34":{"start":{"line":73,"column":4},"end":{"line":75,"column":5}},"35":{"start":{"line":74,"column":8},"end":{"line":74,"column":66}},"36":{"start":{"line":78,"column":4},"end":{"line":78,"column":101}},"37":{"start":{"line":86,"column":8},"end":{"line":86,"column":27}},"38":{"start":{"line":87,"column":8},"end":{"line":87,"column":25}},"39":{"start":{"line":88,"column":8},"end":{"line":88,"column":25}},"40":{"start":{"line":89,"column":8},"end":{"line":94,"column":9}},"41":{"start":{"line":90,"column":12},"end":{"line":90,"column":54}},"42":{"start":{"line":93,"column":12},"end":{"line":93,"column":29}},"43":{"start":{"line":97,"column":20},"end":{"line":99,"column":43}},"44":{"start":{"line":100,"column":8},"end":{"line":102,"column":9}},"45":{"start":{"line":101,"column":12},"end":{"line":101,"column":34}},"46":{"start":{"line":103,"column":19},"end":{"line":105,"column":45}},"47":{"start":{"line":106,"column":8},"end":{"line":108,"column":9}},"48":{"start":{"line":107,"column":12},"end":{"line":107,"column":36}},"49":{"start":{"line":109,"column":8},"end":{"line":109,"column":70}},"50":{"start":{"line":112,"column":27},"end":{"line":112,"column":76}},"51":{"start":{"line":113,"column":28},"end":{"line":113,"column":78}},"52":{"start":{"line":114,"column":27},"end":{"line":114,"column":76}},"53":{"start":{"line":115,"column":21},"end":{"line":115,"column":32}},"54":{"start":{"line":116,"column":8},"end":{"line":118,"column":9}},"55":{"start":{"line":116,"column":25},"end":{"line":116,"column":26}},"56":{"start":{"line":117,"column":12},"end":{"line":117,"column":135}},"57":{"start":{"line":119,"column":8},"end":{"line":119,"column":22}},"58":{"start":{"line":122,"column":0},"end":{"line":122,"column":44}},"59":{"start":{"line":124,"column":23},"end":{"line":124,"column":51}},"60":{"start":{"line":125,"column":24},"end":{"line":125,"column":52}},"61":{"start":{"line":126,"column":23},"end":{"line":126,"column":51}},"62":{"start":{"line":127,"column":4},"end":{"line":131,"column":5}},"63":{"start":{"line":127,"column":21},"end":{"line":127,"column":22}},"64":{"start":{"line":128,"column":8},"end":{"line":128,"column":53}},"65":{"start":{"line":129,"column":8},"end":{"line":129,"column":55}},"66":{"start":{"line":130,"column":8},"end":{"line":130,"column":53}},"67":{"start":{"line":132,"column":4},"end":{"line":132,"column":67}},"68":{"start":{"line":133,"column":4},"end":{"line":133,"column":69}},"69":{"start":{"line":134,"column":4},"end":{"line":134,"column":67}},"70":{"start":{"line":135,"column":4},"end":{"line":139,"column":7}},"71":{"start":{"line":141,"column":0},"end":{"line":141,"column":60}},"72":{"start":{"line":144,"column":18},"end":{"line":144,"column":25}},"73":{"start":{"line":145,"column":4},"end":{"line":161,"column":5}},"74":{"start":{"line":147,"column":12},"end":{"line":157,"column":15}},"75":{"start":{"line":148,"column":16},"end":{"line":150,"column":17}},"76":{"start":{"line":149,"column":20},"end":{"line":149,"column":27}},"77":{"start":{"line":151,"column":28},"end":{"line":151,"column":42}},"78":{"start":{"line":152,"column":16},"end":{"line":156,"column":19}},"79":{"start":{"line":158,"column":12},"end":{"line":158,"column":18}},"80":{"start":{"line":160,"column":12},"end":{"line":160,"column":19}},"81":{"start":{"line":162,"column":4},"end":{"line":164,"column":5}},"82":{"start":{"line":163,"column":8},"end":{"line":163,"column":15}},"83":{"start":{"line":165,"column":4},"end":{"line":168,"column":5}},"84":{"start":{"line":166,"column":8},"end":{"line":166,"column":86}},"85":{"start":{"line":167,"column":8},"end":{"line":167,"column":15}},"86":{"start":{"line":169,"column":4},"end":{"line":190,"column":7}},"87":{"start":{"line":171,"column":8},"end":{"line":171,"column":67}},"88":{"start":{"line":176,"column":8},"end":{"line":189,"column":9}},"89":{"start":{"line":177,"column":26},"end":{"line":177,"column":39}},"90":{"start":{"line":178,"column":12},"end":{"line":188,"column":13}},"91":{"start":{"line":179,"column":16},"end":{"line":179,"column":42}},"92":{"start":{"line":180,"column":35},"end":{"line":186,"column":18}},"93":{"start":{"line":182,"column":20},"end":{"line":182,"column":50}},"94":{"start":{"line":185,"column":20},"end":{"line":185,"column":113}},"95":{"start":{"line":187,"column":16},"end":{"line":187,"column":59}},"96":{"start":{"line":193,"column":4},"end":{"line":202,"column":5}},"97":{"start":{"line":195,"column":8},"end":{"line":195,"column":35}},"98":{"start":{"line":197,"column":9},"end":{"line":202,"column":5}},"99":{"start":{"line":198,"column":8},"end":{"line":198,"column":37}},"100":{"start":{"line":201,"column":8},"end":{"line":201,"column":25}},"101":{"start":{"line":205,"column":4},"end":{"line":211,"column":5}},"102":{"start":{"line":207,"column":8},"end":{"line":207,"column":48}},"103":{"start":{"line":209,"column":9},"end":{"line":211,"column":5}},"104":{"start":{"line":210,"column":8},"end":{"line":210,"column":50}},"105":{"start":{"line":214,"column":4},"end":{"line":231,"column":8}},"106":{"start":{"line":215,"column":8},"end":{"line":230,"column":9}},"107":{"start":{"line":217,"column":12},"end":{"line":217,"column":61}},"108":{"start":{"line":220,"column":25},"end":{"line":220,"column":61}},"109":{"start":{"line":221,"column":12},"end":{"line":221,"column":172}},"110":{"start":{"line":222,"column":12},"end":{"line":229,"column":13}},"111":{"start":{"line":223,"column":33},"end":{"line":223,"column":101}},"112":{"start":{"line":224,"column":16},"end":{"line":226,"column":19}},"113":{"start":{"line":225,"column":20},"end":{"line":225,"column":58}},"114":{"start":{"line":228,"column":16},"end":{"line":228,"column":62}},"115":{"start":{"line":232,"column":4},"end":{"line":232,"column":96}},"116":{"start":{"line":233,"column":4},"end":{"line":233,"column":56}},"117":{"start":{"line":234,"column":4},"end":{"line":234,"column":50}},"118":{"start":{"line":235,"column":4},"end":{"line":235,"column":91}},"119":{"start":{"line":236,"column":4},"end":{"line":236,"column":94}},"120":{"start":{"line":237,"column":4},"end":{"line":237,"column":106}},"121":{"start":{"line":238,"column":4},"end":{"line":238,"column":22}},"122":{"start":{"line":239,"column":17},"end":{"line":239,"column":53}},"123":{"start":{"line":240,"column":4},"end":{"line":240,"column":191}},"124":{"start":{"line":241,"column":4},"end":{"line":241,"column":37}},"125":{"start":{"line":242,"column":4},"end":{"line":242,"column":128}},"126":{"start":{"line":243,"column":4},"end":{"line":248,"column":8}},"127":{"start":{"line":244,"column":22},"end":{"line":244,"column":35}},"128":{"start":{"line":245,"column":8},"end":{"line":247,"column":9}},"129":{"start":{"line":246,"column":12},"end":{"line":246,"column":30}},"130":{"start":{"line":249,"column":4},"end":{"line":258,"column":8}},"131":{"start":{"line":250,"column":22},"end":{"line":250,"column":35}},"132":{"start":{"line":251,"column":8},"end":{"line":257,"column":9}},"133":{"start":{"line":252,"column":12},"end":{"line":252,"column":29}},"134":{"start":{"line":253,"column":12},"end":{"line":253,"column":79}},"135":{"start":{"line":256,"column":12},"end":{"line":256,"column":41}},"136":{"start":{"line":259,"column":4},"end":{"line":267,"column":8}},"137":{"start":{"line":260,"column":22},"end":{"line":260,"column":35}},"138":{"start":{"line":261,"column":8},"end":{"line":266,"column":9}},"139":{"start":{"line":262,"column":12},"end":{"line":262,"column":29}},"140":{"start":{"line":265,"column":12},"end":{"line":265,"column":41}},"141":{"start":{"line":268,"column":4},"end":{"line":288,"column":8}},"142":{"start":{"line":269,"column":21},"end":{"line":269,"column":89}},"143":{"start":{"line":270,"column":24},"end":{"line":270,"column":53}},"144":{"start":{"line":271,"column":25},"end":{"line":271,"column":50}},"145":{"start":{"line":272,"column":8},"end":{"line":275,"column":9}},"146":{"start":{"line":273,"column":12},"end":{"line":273,"column":118}},"147":{"start":{"line":274,"column":12},"end":{"line":274,"column":19}},"148":{"start":{"line":276,"column":25},"end":{"line":276,"column":96}},"149":{"start":{"line":277,"column":23},"end":{"line":280,"column":10}},"150":{"start":{"line":281,"column":8},"end":{"line":287,"column":11}},"151":{"start":{"line":282,"column":12},"end":{"line":286,"column":15}},"152":{"start":{"line":283,"column":16},"end":{"line":285,"column":19}},"153":{"start":{"line":284,"column":20},"end":{"line":284,"column":68}},"154":{"start":{"line":289,"column":4},"end":{"line":321,"column":8}},"155":{"start":{"line":290,"column":24},"end":{"line":296,"column":9}},"156":{"start":{"line":297,"column":24},"end":{"line":297,"column":67}},"157":{"start":{"line":298,"column":8},"end":{"line":320,"column":9}},"158":{"start":{"line":299,"column":12},"end":{"line":299,"column":63}},"159":{"start":{"line":300,"column":12},"end":{"line":319,"column":13}},"160":{"start":{"line":301,"column":37},"end":{"line":301,"column":83}},"161":{"start":{"line":302,"column":35},"end":{"line":302,"column":104}},"162":{"start":{"line":304,"column":33},"end":{"line":304,"column":101}},"163":{"start":{"line":306,"column":30},"end":{"line":306,"column":43}},"164":{"start":{"line":307,"column":16},"end":{"line":314,"column":17}},"165":{"start":{"line":307,"column":29},"end":{"line":307,"column":30}},"166":{"start":{"line":308,"column":32},"end":{"line":308,"column":45}},"167":{"start":{"line":309,"column":36},"end":{"line":309,"column":135}},"168":{"start":{"line":310,"column":20},"end":{"line":310,"column":45}},"169":{"start":{"line":311,"column":20},"end":{"line":313,"column":21}},"170":{"start":{"line":312,"column":24},"end":{"line":312,"column":48}},"171":{"start":{"line":315,"column":16},"end":{"line":315,"column":62}},"172":{"start":{"line":318,"column":16},"end":{"line":318,"column":104}},"173":{"start":{"line":322,"column":4},"end":{"line":372,"column":8}},"174":{"start":{"line":323,"column":22},"end":{"line":323,"column":35}},"175":{"start":{"line":324,"column":8},"end":{"line":327,"column":9}},"176":{"start":{"line":326,"column":12},"end":{"line":326,"column":61}},"177":{"start":{"line":328,"column":8},"end":{"line":371,"column":9}},"178":{"start":{"line":329,"column":36},"end":{"line":331,"column":14}},"179":{"start":{"line":332,"column":12},"end":{"line":334,"column":13}},"180":{"start":{"line":333,"column":16},"end":{"line":333,"column":23}},"181":{"start":{"line":335,"column":27},"end":{"line":335,"column":40}},"182":{"start":{"line":336,"column":35},"end":{"line":336,"column":85}},"183":{"start":{"line":337,"column":12},"end":{"line":348,"column":13}},"184":{"start":{"line":338,"column":36},"end":{"line":340,"column":18}},"185":{"start":{"line":341,"column":16},"end":{"line":343,"column":17}},"186":{"start":{"line":342,"column":20},"end":{"line":342,"column":27}},"187":{"start":{"line":344,"column":16},"end":{"line":344,"column":47}},"188":{"start":{"line":347,"column":16},"end":{"line":347,"column":45}},"189":{"start":{"line":349,"column":12},"end":{"line":351,"column":13}},"190":{"start":{"line":350,"column":16},"end":{"line":350,"column":23}},"191":{"start":{"line":352,"column":25},"end":{"line":356,"column":14}},"192":{"start":{"line":357,"column":25},"end":{"line":357,"column":105}},"193":{"start":{"line":358,"column":12},"end":{"line":363,"column":13}},"194":{"start":{"line":359,"column":16},"end":{"line":359,"column":97}},"195":{"start":{"line":361,"column":17},"end":{"line":363,"column":13}},"196":{"start":{"line":362,"column":16},"end":{"line":362,"column":37}},"197":{"start":{"line":364,"column":29},"end":{"line":364,"column":97}},"198":{"start":{"line":365,"column":12},"end":{"line":365,"column":34}},"199":{"start":{"line":366,"column":12},"end":{"line":366,"column":58}},"200":{"start":{"line":369,"column":12},"end":{"line":369,"column":41}},"201":{"start":{"line":370,"column":12},"end":{"line":370,"column":171}},"202":{"start":{"line":373,"column":4},"end":{"line":383,"column":8}},"203":{"start":{"line":374,"column":22},"end":{"line":374,"column":35}},"204":{"start":{"line":375,"column":8},"end":{"line":382,"column":9}},"205":{"start":{"line":376,"column":12},"end":{"line":376,"column":30}},"206":{"start":{"line":377,"column":12},"end":{"line":377,"column":50}},"207":{"start":{"line":380,"column":12},"end":{"line":380,"column":41}},"208":{"start":{"line":381,"column":12},"end":{"line":381,"column":168}},"209":{"start":{"line":385,"column":4},"end":{"line":407,"column":8}},"210":{"start":{"line":386,"column":8},"end":{"line":400,"column":9}},"211":{"start":{"line":391,"column":25},"end":{"line":391,"column":61}},"212":{"start":{"line":392,"column":26},"end":{"line":392,"column":39}},"213":{"start":{"line":393,"column":12},"end":{"line":399,"column":13}},"214":{"start":{"line":394,"column":16},"end":{"line":394,"column":49}},"215":{"start":{"line":395,"column":16},"end":{"line":395,"column":47}},"216":{"start":{"line":396,"column":16},"end":{"line":396,"column":47}},"217":{"start":{"line":397,"column":16},"end":{"line":397,"column":82}},"218":{"start":{"line":398,"column":16},"end":{"line":398,"column":31}},"219":{"start":{"line":401,"column":8},"end":{"line":403,"column":9}},"220":{"start":{"line":402,"column":12},"end":{"line":402,"column":45}},"221":{"start":{"line":404,"column":8},"end":{"line":406,"column":9}},"222":{"start":{"line":405,"column":12},"end":{"line":405,"column":40}},"223":{"start":{"line":408,"column":4},"end":{"line":418,"column":5}},"224":{"start":{"line":410,"column":8},"end":{"line":417,"column":11}},"225":{"start":{"line":413,"column":16},"end":{"line":413,"column":87}},"226":{"start":{"line":414,"column":29},"end":{"line":414,"column":65}},"227":{"start":{"line":415,"column":16},"end":{"line":415,"column":184}},"228":{"start":{"line":420,"column":0},"end":{"line":420,"column":28}},"229":{"start":{"line":422,"column":4},"end":{"line":422,"column":43}},"230":{"start":{"line":423,"column":4},"end":{"line":423,"column":59}},"231":{"start":{"line":424,"column":4},"end":{"line":424,"column":29}},"232":{"start":{"line":427,"column":4},"end":{"line":427,"column":32}},"233":{"start":{"line":429,"column":0},"end":{"line":429,"column":48}},"234":{"start":{"line":431,"column":4},"end":{"line":436,"column":6}},"235":{"start":{"line":440,"column":19},"end":{"line":440,"column":21}},"236":{"start":{"line":448,"column":8},"end":{"line":448,"column":42}},"237":{"start":{"line":449,"column":8},"end":{"line":449,"column":31}},"238":{"start":{"line":450,"column":8},"end":{"line":450,"column":29}},"239":{"start":{"line":451,"column":8},"end":{"line":451,"column":29}},"240":{"start":{"line":452,"column":8},"end":{"line":452,"column":28}},"241":{"start":{"line":453,"column":8},"end":{"line":453,"column":36}},"242":{"start":{"line":454,"column":8},"end":{"line":454,"column":54}},"243":{"start":{"line":457,"column":8},"end":{"line":457,"column":73}},"244":{"start":{"line":460,"column":8},"end":{"line":460,"column":29}},"245":{"start":{"line":463,"column":8},"end":{"line":463,"column":29}},"246":{"start":{"line":466,"column":8},"end":{"line":466,"column":27}},"247":{"start":{"line":469,"column":8},"end":{"line":469,"column":31}},"248":{"start":{"line":472,"column":8},"end":{"line":472,"column":40}},"249":{"start":{"line":475,"column":8},"end":{"line":475,"column":34}},"250":{"start":{"line":478,"column":8},"end":{"line":478,"column":32}},"251":{"start":{"line":481,"column":8},"end":{"line":481,"column":32}},"252":{"start":{"line":484,"column":8},"end":{"line":484,"column":31}},"253":{"start":{"line":485,"column":8},"end":{"line":485,"column":36}},"254":{"start":{"line":488,"column":8},"end":{"line":488,"column":53}},"255":{"start":{"line":489,"column":8},"end":{"line":492,"column":11}},"256":{"start":{"line":495,"column":8},"end":{"line":497,"column":11}},"257":{"start":{"line":500,"column":8},"end":{"line":502,"column":11}},"258":{"start":{"line":505,"column":8},"end":{"line":510,"column":11}},"259":{"start":{"line":511,"column":8},"end":{"line":511,"column":80}},"260":{"start":{"line":514,"column":8},"end":{"line":514,"column":64}},"261":{"start":{"line":517,"column":8},"end":{"line":517,"column":64}},"262":{"start":{"line":520,"column":8},"end":{"line":520,"column":80}},"263":{"start":{"line":523,"column":8},"end":{"line":523,"column":43}},"264":{"start":{"line":526,"column":24},"end":{"line":526,"column":41}},"265":{"start":{"line":527,"column":8},"end":{"line":527,"column":56}},"266":{"start":{"line":532,"column":33},"end":{"line":532,"column":99}},"267":{"start":{"line":534,"column":26},"end":{"line":534,"column":64}},"268":{"start":{"line":536,"column":31},"end":{"line":536,"column":92}},"269":{"start":{"line":537,"column":35},"end":{"line":537,"column":95}},"270":{"start":{"line":538,"column":35},"end":{"line":538,"column":131}},"271":{"start":{"line":540,"column":31},"end":{"line":540,"column":67}},"272":{"start":{"line":541,"column":30},"end":{"line":541,"column":70}},"273":{"start":{"line":543,"column":27},"end":{"line":543,"column":97}},"274":{"start":{"line":545,"column":22},"end":{"line":545,"column":32}},"275":{"start":{"line":546,"column":8},"end":{"line":574,"column":12}},"276":{"start":{"line":578,"column":4},"end":{"line":585,"column":5}},"277":{"start":{"line":580,"column":12},"end":{"line":580,"column":57}},"278":{"start":{"line":581,"column":12},"end":{"line":581,"column":19}},"279":{"start":{"line":583,"column":12},"end":{"line":583,"column":63}},"280":{"start":{"line":584,"column":12},"end":{"line":584,"column":19}},"281":{"start":{"line":595,"column":22},"end":{"line":595,"column":33}},"282":{"start":{"line":598,"column":23},"end":{"line":600,"column":23}},"283":{"start":{"line":602,"column":8},"end":{"line":615,"column":9}},"284":{"start":{"line":603,"column":12},"end":{"line":614,"column":13}},"285":{"start":{"line":606,"column":16},"end":{"line":606,"column":60}},"286":{"start":{"line":607,"column":16},"end":{"line":607,"column":23}},"287":{"start":{"line":610,"column":16},"end":{"line":610,"column":63}},"288":{"start":{"line":611,"column":16},"end":{"line":611,"column":61}},"289":{"start":{"line":612,"column":16},"end":{"line":612,"column":61}},"290":{"start":{"line":613,"column":16},"end":{"line":613,"column":47}},"291":{"start":{"line":617,"column":22},"end":{"line":617,"column":157}},"292":{"start":{"line":618,"column":8},"end":{"line":618,"column":132}},"293":{"start":{"line":621,"column":8},"end":{"line":621,"column":64}},"294":{"start":{"line":624,"column":8},"end":{"line":624,"column":64}},"295":{"start":{"line":627,"column":8},"end":{"line":627,"column":64}},"296":{"start":{"line":630,"column":8},"end":{"line":630,"column":80}},"297":{"start":{"line":633,"column":8},"end":{"line":633,"column":132}},"298":{"start":{"line":636,"column":8},"end":{"line":636,"column":85}},"299":{"start":{"line":637,"column":8},"end":{"line":637,"column":28}},"300":{"start":{"line":639,"column":8},"end":{"line":639,"column":23}},"301":{"start":{"line":642,"column":8},"end":{"line":642,"column":80}},"302":{"start":{"line":642,"column":39},"end":{"line":642,"column":53}},"303":{"start":{"line":644,"column":8},"end":{"line":646,"column":36}},"304":{"start":{"line":645,"column":12},"end":{"line":645,"column":26}},"305":{"start":{"line":648,"column":8},"end":{"line":648,"column":95}},"306":{"start":{"line":651,"column":8},"end":{"line":651,"column":42}},"307":{"start":{"line":653,"column":8},"end":{"line":653,"column":30}},"308":{"start":{"line":654,"column":8},"end":{"line":659,"column":9}},"309":{"start":{"line":655,"column":22},"end":{"line":655,"column":45}},"310":{"start":{"line":656,"column":12},"end":{"line":658,"column":13}},"311":{"start":{"line":657,"column":16},"end":{"line":657,"column":28}},"312":{"start":{"line":662,"column":8},"end":{"line":664,"column":9}},"313":{"start":{"line":663,"column":12},"end":{"line":663,"column":27}},"314":{"start":{"line":667,"column":8},"end":{"line":667,"column":35}},"315":{"start":{"line":671,"column":22},"end":{"line":671,"column":32}},"316":{"start":{"line":674,"column":8},"end":{"line":674,"column":40}},"317":{"start":{"line":675,"column":8},"end":{"line":675,"column":76}},"318":{"start":{"line":676,"column":8},"end":{"line":676,"column":80}},"319":{"start":{"line":677,"column":8},"end":{"line":677,"column":95}},"320":{"start":{"line":680,"column":8},"end":{"line":680,"column":23}},"321":{"start":{"line":683,"column":8},"end":{"line":688,"column":9}},"322":{"start":{"line":684,"column":12},"end":{"line":684,"column":128}},"323":{"start":{"line":687,"column":12},"end":{"line":687,"column":45}},"324":{"start":{"line":692,"column":15},"end":{"line":692,"column":17}},"325":{"start":{"line":693,"column":21},"end":{"line":693,"column":85}},"326":{"start":{"line":694,"column":4},"end":{"line":696,"column":5}},"327":{"start":{"line":694,"column":17},"end":{"line":694,"column":18}},"328":{"start":{"line":695,"column":8},"end":{"line":695,"column":77}},"329":{"start":{"line":697,"column":4},"end":{"line":697,"column":16}},"330":{"start":{"line":700,"column":17},"end":{"line":700,"column":53}},"331":{"start":{"line":701,"column":4},"end":{"line":701,"column":164}},"332":{"start":{"line":702,"column":4},"end":{"line":713,"column":5}},"333":{"start":{"line":703,"column":25},"end":{"line":703,"column":93}},"334":{"start":{"line":704,"column":8},"end":{"line":706,"column":11}},"335":{"start":{"line":705,"column":12},"end":{"line":705,"column":50}},"336":{"start":{"line":707,"column":8},"end":{"line":707,"column":54}},"337":{"start":{"line":710,"column":25},"end":{"line":710,"column":93}},"338":{"start":{"line":711,"column":8},"end":{"line":711,"column":30}},"339":{"start":{"line":712,"column":8},"end":{"line":712,"column":54}}},"fnMap":{"0":{"name":"(anonymous_0)","decl":{"start":{"line":22,"column":4},"end":{"line":22,"column":5}},"loc":{"start":{"line":22,"column":36},"end":{"line":29,"column":5}},"line":22},"1":{"name":"getConfiguredSize","decl":{"start":{"line":40,"column":9},"end":{"line":40,"column":26}},"loc":{"start":{"line":40,"column":29},"end":{"line":48,"column":1}},"line":40},"2":{"name":"getConfiguredTheme","decl":{"start":{"line":49,"column":9},"end":{"line":49,"column":27}},"loc":{"start":{"line":49,"column":30},"end":{"line":57,"column":1}},"line":49},"3":{"name":"getConfiguredThemeKind","decl":{"start":{"line":58,"column":9},"end":{"line":58,"column":31}},"loc":{"start":{"line":58,"column":34},"end":{"line":60,"column":1}},"line":58},"4":{"name":"getConfigurationPosition","decl":{"start":{"line":61,"column":9},"end":{"line":61,"column":33}},"loc":{"start":{"line":61,"column":36},"end":{"line":65,"column":1}},"line":61},"5":{"name":"getThrowWithMouseConfiguration","decl":{"start":{"line":66,"column":9},"end":{"line":66,"column":39}},"loc":{"start":{"line":66,"column":42},"end":{"line":70,"column":1}},"line":66},"6":{"name":"updatePanelThrowWithMouse","decl":{"start":{"line":71,"column":9},"end":{"line":71,"column":34}},"loc":{"start":{"line":71,"column":37},"end":{"line":76,"column":1}},"line":71},"7":{"name":"updateExtensionPositionContext","decl":{"start":{"line":77,"column":9},"end":{"line":77,"column":39}},"loc":{"start":{"line":77,"column":42},"end":{"line":79,"column":1}},"line":77},"8":{"name":"(anonymous_8)","decl":{"start":{"line":85,"column":4},"end":{"line":85,"column":5}},"loc":{"start":{"line":85,"column":41},"end":{"line":95,"column":5}},"line":85},"9":{"name":"(anonymous_9)","decl":{"start":{"line":96,"column":4},"end":{"line":96,"column":5}},"loc":{"start":{"line":96,"column":31},"end":{"line":110,"column":5}},"line":96},"10":{"name":"(anonymous_10)","decl":{"start":{"line":111,"column":4},"end":{"line":111,"column":5}},"loc":{"start":{"line":111,"column":48},"end":{"line":120,"column":5}},"line":111},"11":{"name":"storeCollectionAsMemento","decl":{"start":{"line":123,"column":9},"end":{"line":123,"column":33}},"loc":{"start":{"line":123,"column":55},"end":{"line":140,"column":1}},"line":123},"12":{"name":"handleRemovePetMessage","decl":{"start":{"line":143,"column":15},"end":{"line":143,"column":37}},"loc":{"start":{"line":143,"column":47},"end":{"line":191,"column":1}},"line":143},"13":{"name":"(anonymous_13)","decl":{"start":{"line":147,"column":45},"end":{"line":147,"column":46}},"loc":{"start":{"line":147,"column":54},"end":{"line":157,"column":13}},"line":147},"14":{"name":"(anonymous_14)","decl":{"start":{"line":170,"column":35},"end":{"line":170,"column":36}},"loc":{"start":{"line":170,"column":44},"end":{"line":172,"column":5}},"line":170},"15":{"name":"(anonymous_15)","decl":{"start":{"line":175,"column":14},"end":{"line":175,"column":15}},"loc":{"start":{"line":175,"column":23},"end":{"line":190,"column":5}},"line":175},"16":{"name":"(anonymous_16)","decl":{"start":{"line":181,"column":28},"end":{"line":181,"column":29}},"loc":{"start":{"line":181,"column":38},"end":{"line":183,"column":17}},"line":181},"17":{"name":"(anonymous_17)","decl":{"start":{"line":184,"column":25},"end":{"line":184,"column":26}},"loc":{"start":{"line":184,"column":35},"end":{"line":186,"column":17}},"line":184},"18":{"name":"getPetPanel","decl":{"start":{"line":192,"column":9},"end":{"line":192,"column":20}},"loc":{"start":{"line":192,"column":23},"end":{"line":203,"column":1}},"line":192},"19":{"name":"getWebview","decl":{"start":{"line":204,"column":9},"end":{"line":204,"column":19}},"loc":{"start":{"line":204,"column":22},"end":{"line":212,"column":1}},"line":204},"20":{"name":"activate","decl":{"start":{"line":213,"column":9},"end":{"line":213,"column":17}},"loc":{"start":{"line":213,"column":27},"end":{"line":419,"column":1}},"line":213},"21":{"name":"(anonymous_21)","decl":{"start":{"line":214,"column":84},"end":{"line":214,"column":85}},"loc":{"start":{"line":214,"column":90},"end":{"line":231,"column":5}},"line":214},"22":{"name":"(anonymous_22)","decl":{"start":{"line":224,"column":35},"end":{"line":224,"column":36}},"loc":{"start":{"line":224,"column":45},"end":{"line":226,"column":17}},"line":224},"23":{"name":"(anonymous_23)","decl":{"start":{"line":243,"column":89},"end":{"line":243,"column":90}},"loc":{"start":{"line":243,"column":95},"end":{"line":248,"column":5}},"line":243},"24":{"name":"(anonymous_24)","decl":{"start":{"line":249,"column":89},"end":{"line":249,"column":90}},"loc":{"start":{"line":249,"column":101},"end":{"line":258,"column":5}},"line":249},"25":{"name":"(anonymous_25)","decl":{"start":{"line":259,"column":88},"end":{"line":259,"column":89}},"loc":{"start":{"line":259,"column":100},"end":{"line":267,"column":5}},"line":259},"26":{"name":"(anonymous_26)","decl":{"start":{"line":268,"column":94},"end":{"line":268,"column":95}},"loc":{"start":{"line":268,"column":106},"end":{"line":288,"column":5}},"line":268},"27":{"name":"(anonymous_27)","decl":{"start":{"line":281,"column":55},"end":{"line":281,"column":56}},"loc":{"start":{"line":281,"column":64},"end":{"line":287,"column":9}},"line":281},"28":{"name":"(anonymous_28)","decl":{"start":{"line":282,"column":53},"end":{"line":282,"column":54}},"loc":{"start":{"line":282,"column":65},"end":{"line":286,"column":13}},"line":282},"29":{"name":"(anonymous_29)","decl":{"start":{"line":283,"column":28},"end":{"line":283,"column":29}},"loc":{"start":{"line":283,"column":38},"end":{"line":285,"column":17}},"line":283},"30":{"name":"(anonymous_30)","decl":{"start":{"line":289,"column":94},"end":{"line":289,"column":95}},"loc":{"start":{"line":289,"column":106},"end":{"line":321,"column":5}},"line":289},"31":{"name":"(anonymous_31)","decl":{"start":{"line":322,"column":88},"end":{"line":322,"column":89}},"loc":{"start":{"line":322,"column":100},"end":{"line":372,"column":5}},"line":322},"32":{"name":"(anonymous_32)","decl":{"start":{"line":373,"column":94},"end":{"line":373,"column":95}},"loc":{"start":{"line":373,"column":100},"end":{"line":383,"column":5}},"line":373},"33":{"name":"(anonymous_33)","decl":{"start":{"line":385,"column":73},"end":{"line":385,"column":74}},"loc":{"start":{"line":385,"column":80},"end":{"line":407,"column":5}},"line":385},"34":{"name":"(anonymous_34)","decl":{"start":{"line":411,"column":12},"end":{"line":411,"column":13}},"loc":{"start":{"line":411,"column":56},"end":{"line":416,"column":13}},"line":411},"35":{"name":"updateStatusBar","decl":{"start":{"line":421,"column":9},"end":{"line":421,"column":24}},"loc":{"start":{"line":421,"column":27},"end":{"line":425,"column":1}},"line":421},"36":{"name":"spawnPetDeactivate","decl":{"start":{"line":426,"column":9},"end":{"line":426,"column":27}},"loc":{"start":{"line":426,"column":30},"end":{"line":428,"column":1}},"line":426},"37":{"name":"getWebviewOptions","decl":{"start":{"line":430,"column":9},"end":{"line":430,"column":26}},"loc":{"start":{"line":430,"column":41},"end":{"line":437,"column":1}},"line":430},"38":{"name":"(anonymous_38)","decl":{"start":{"line":447,"column":4},"end":{"line":447,"column":5}},"loc":{"start":{"line":447,"column":87},"end":{"line":455,"column":5}},"line":447},"39":{"name":"(anonymous_39)","decl":{"start":{"line":456,"column":4},"end":{"line":456,"column":5}},"loc":{"start":{"line":456,"column":15},"end":{"line":458,"column":5}},"line":456},"40":{"name":"(anonymous_40)","decl":{"start":{"line":459,"column":4},"end":{"line":459,"column":5}},"loc":{"start":{"line":459,"column":14},"end":{"line":461,"column":5}},"line":459},"41":{"name":"(anonymous_41)","decl":{"start":{"line":462,"column":4},"end":{"line":462,"column":5}},"loc":{"start":{"line":462,"column":14},"end":{"line":464,"column":5}},"line":462},"42":{"name":"(anonymous_42)","decl":{"start":{"line":465,"column":4},"end":{"line":465,"column":5}},"loc":{"start":{"line":465,"column":12},"end":{"line":467,"column":5}},"line":465},"43":{"name":"(anonymous_43)","decl":{"start":{"line":468,"column":4},"end":{"line":468,"column":5}},"loc":{"start":{"line":468,"column":16},"end":{"line":470,"column":5}},"line":468},"44":{"name":"(anonymous_44)","decl":{"start":{"line":471,"column":4},"end":{"line":471,"column":5}},"loc":{"start":{"line":471,"column":25},"end":{"line":473,"column":5}},"line":471},"45":{"name":"(anonymous_45)","decl":{"start":{"line":474,"column":4},"end":{"line":474,"column":5}},"loc":{"start":{"line":474,"column":29},"end":{"line":476,"column":5}},"line":474},"46":{"name":"(anonymous_46)","decl":{"start":{"line":477,"column":4},"end":{"line":477,"column":5}},"loc":{"start":{"line":477,"column":27},"end":{"line":479,"column":5}},"line":477},"47":{"name":"(anonymous_47)","decl":{"start":{"line":480,"column":4},"end":{"line":480,"column":5}},"loc":{"start":{"line":480,"column":27},"end":{"line":482,"column":5}},"line":480},"48":{"name":"(anonymous_48)","decl":{"start":{"line":483,"column":4},"end":{"line":483,"column":5}},"loc":{"start":{"line":483,"column":37},"end":{"line":486,"column":5}},"line":483},"49":{"name":"(anonymous_49)","decl":{"start":{"line":487,"column":4},"end":{"line":487,"column":5}},"loc":{"start":{"line":487,"column":41},"end":{"line":493,"column":5}},"line":487},"50":{"name":"(anonymous_50)","decl":{"start":{"line":494,"column":4},"end":{"line":494,"column":5}},"loc":{"start":{"line":494,"column":16},"end":{"line":498,"column":5}},"line":494},"51":{"name":"(anonymous_51)","decl":{"start":{"line":499,"column":4},"end":{"line":499,"column":5}},"loc":{"start":{"line":499,"column":16},"end":{"line":503,"column":5}},"line":499},"52":{"name":"(anonymous_52)","decl":{"start":{"line":504,"column":4},"end":{"line":504,"column":5}},"loc":{"start":{"line":504,"column":19},"end":{"line":512,"column":5}},"line":504},"53":{"name":"(anonymous_53)","decl":{"start":{"line":513,"column":4},"end":{"line":513,"column":5}},"loc":{"start":{"line":513,"column":15},"end":{"line":515,"column":5}},"line":513},"54":{"name":"(anonymous_54)","decl":{"start":{"line":516,"column":4},"end":{"line":516,"column":5}},"loc":{"start":{"line":516,"column":15},"end":{"line":518,"column":5}},"line":516},"55":{"name":"(anonymous_55)","decl":{"start":{"line":519,"column":4},"end":{"line":519,"column":5}},"loc":{"start":{"line":519,"column":23},"end":{"line":521,"column":5}},"line":519},"56":{"name":"(anonymous_56)","decl":{"start":{"line":522,"column":4},"end":{"line":522,"column":5}},"loc":{"start":{"line":522,"column":17},"end":{"line":524,"column":5}},"line":522},"57":{"name":"(anonymous_57)","decl":{"start":{"line":525,"column":4},"end":{"line":525,"column":5}},"loc":{"start":{"line":525,"column":14},"end":{"line":528,"column":5}},"line":525},"58":{"name":"(anonymous_58)","decl":{"start":{"line":529,"column":4},"end":{"line":529,"column":5}},"loc":{"start":{"line":529,"column":13},"end":{"line":529,"column":16}},"line":529},"59":{"name":"(anonymous_59)","decl":{"start":{"line":530,"column":4},"end":{"line":530,"column":5}},"loc":{"start":{"line":530,"column":32},"end":{"line":575,"column":5}},"line":530},"60":{"name":"handleWebviewMessage","decl":{"start":{"line":577,"column":9},"end":{"line":577,"column":29}},"loc":{"start":{"line":577,"column":39},"end":{"line":586,"column":1}},"line":577},"61":{"name":"(anonymous_61)","decl":{"start":{"line":597,"column":4},"end":{"line":597,"column":5}},"loc":{"start":{"line":597,"column":104},"end":{"line":619,"column":5}},"line":597},"62":{"name":"(anonymous_62)","decl":{"start":{"line":620,"column":4},"end":{"line":620,"column":5}},"loc":{"start":{"line":620,"column":16},"end":{"line":622,"column":5}},"line":620},"63":{"name":"(anonymous_63)","decl":{"start":{"line":623,"column":4},"end":{"line":623,"column":5}},"loc":{"start":{"line":623,"column":15},"end":{"line":625,"column":5}},"line":623},"64":{"name":"(anonymous_64)","decl":{"start":{"line":626,"column":4},"end":{"line":626,"column":5}},"loc":{"start":{"line":626,"column":15},"end":{"line":628,"column":5}},"line":626},"65":{"name":"(anonymous_65)","decl":{"start":{"line":629,"column":4},"end":{"line":629,"column":5}},"loc":{"start":{"line":629,"column":23},"end":{"line":631,"column":5}},"line":629},"66":{"name":"(anonymous_66)","decl":{"start":{"line":632,"column":4},"end":{"line":632,"column":5}},"loc":{"start":{"line":632,"column":105},"end":{"line":634,"column":5}},"line":632},"67":{"name":"(anonymous_67)","decl":{"start":{"line":635,"column":4},"end":{"line":635,"column":5}},"loc":{"start":{"line":635,"column":94},"end":{"line":649,"column":5}},"line":635},"68":{"name":"(anonymous_68)","decl":{"start":{"line":642,"column":33},"end":{"line":642,"column":34}},"loc":{"start":{"line":642,"column":39},"end":{"line":642,"column":53}},"line":642},"69":{"name":"(anonymous_69)","decl":{"start":{"line":644,"column":41},"end":{"line":644,"column":42}},"loc":{"start":{"line":644,"column":47},"end":{"line":646,"column":9}},"line":644},"70":{"name":"(anonymous_70)","decl":{"start":{"line":650,"column":4},"end":{"line":650,"column":5}},"loc":{"start":{"line":650,"column":14},"end":{"line":660,"column":5}},"line":650},"71":{"name":"(anonymous_71)","decl":{"start":{"line":661,"column":4},"end":{"line":661,"column":5}},"loc":{"start":{"line":661,"column":13},"end":{"line":665,"column":5}},"line":661},"72":{"name":"(anonymous_72)","decl":{"start":{"line":666,"column":4},"end":{"line":666,"column":5}},"loc":{"start":{"line":666,"column":17},"end":{"line":668,"column":5}},"line":666},"73":{"name":"(anonymous_73)","decl":{"start":{"line":673,"column":4},"end":{"line":673,"column":5}},"loc":{"start":{"line":673,"column":36},"end":{"line":678,"column":5}},"line":673},"74":{"name":"(anonymous_74)","decl":{"start":{"line":679,"column":4},"end":{"line":679,"column":5}},"loc":{"start":{"line":679,"column":13},"end":{"line":681,"column":5}},"line":679},"75":{"name":"(anonymous_75)","decl":{"start":{"line":682,"column":4},"end":{"line":682,"column":5}},"loc":{"start":{"line":682,"column":17},"end":{"line":689,"column":5}},"line":682},"76":{"name":"getNonce","decl":{"start":{"line":691,"column":9},"end":{"line":691,"column":17}},"loc":{"start":{"line":691,"column":20},"end":{"line":698,"column":1}},"line":691},"77":{"name":"createPetPlayground","decl":{"start":{"line":699,"column":9},"end":{"line":699,"column":28}},"loc":{"start":{"line":699,"column":38},"end":{"line":714,"column":1}},"line":699},"78":{"name":"(anonymous_78)","decl":{"start":{"line":704,"column":27},"end":{"line":704,"column":28}},"loc":{"start":{"line":704,"column":37},"end":{"line":706,"column":9}},"line":704}},"branchMap":{"0":{"loc":{"start":{"line":44,"column":4},"end":{"line":46,"column":5}},"type":"if","locations":[{"start":{"line":44,"column":4},"end":{"line":46,"column":5}},{"start":{"line":44,"column":4},"end":{"line":46,"column":5}}],"line":44},"1":{"loc":{"start":{"line":53,"column":4},"end":{"line":55,"column":5}},"type":"if","locations":[{"start":{"line":53,"column":4},"end":{"line":55,"column":5}},{"start":{"line":53,"column":4},"end":{"line":55,"column":5}}],"line":53},"2":{"loc":{"start":{"line":73,"column":4},"end":{"line":75,"column":5}},"type":"if","locations":[{"start":{"line":73,"column":4},"end":{"line":75,"column":5}},{"start":{"line":73,"column":4},"end":{"line":75,"column":5}}],"line":73},"3":{"loc":{"start":{"line":89,"column":8},"end":{"line":94,"column":9}},"type":"if","locations":[{"start":{"line":89,"column":8},"end":{"line":94,"column":9}},{"start":{"line":89,"column":8},"end":{"line":94,"column":9}}],"line":89},"4":{"loc":{"start":{"line":100,"column":8},"end":{"line":102,"column":9}},"type":"if","locations":[{"start":{"line":100,"column":8},"end":{"line":102,"column":9}},{"start":{"line":100,"column":8},"end":{"line":102,"column":9}}],"line":100},"5":{"loc":{"start":{"line":106,"column":8},"end":{"line":108,"column":9}},"type":"if","locations":[{"start":{"line":106,"column":8},"end":{"line":108,"column":9}},{"start":{"line":106,"column":8},"end":{"line":108,"column":9}}],"line":106},"6":{"loc":{"start":{"line":117,"column":45},"end":{"line":117,"column":84}},"type":"binary-expr","locations":[{"start":{"line":117,"column":45},"end":{"line":117,"column":67}},{"start":{"line":117,"column":71},"end":{"line":117,"column":84}}],"line":117},"7":{"loc":{"start":{"line":145,"column":4},"end":{"line":161,"column":5}},"type":"switch","locations":[{"start":{"line":146,"column":8},"end":{"line":158,"column":18}},{"start":{"line":159,"column":8},"end":{"line":160,"column":19}}],"line":145},"8":{"loc":{"start":{"line":148,"column":16},"end":{"line":150,"column":17}},"type":"if","locations":[{"start":{"line":148,"column":16},"end":{"line":150,"column":17}},{"start":{"line":148,"column":16},"end":{"line":150,"column":17}}],"line":148},"9":{"loc":{"start":{"line":162,"column":4},"end":{"line":164,"column":5}},"type":"if","locations":[{"start":{"line":162,"column":4},"end":{"line":164,"column":5}},{"start":{"line":162,"column":4},"end":{"line":164,"column":5}}],"line":162},"10":{"loc":{"start":{"line":165,"column":4},"end":{"line":168,"column":5}},"type":"if","locations":[{"start":{"line":165,"column":4},"end":{"line":168,"column":5}},{"start":{"line":165,"column":4},"end":{"line":168,"column":5}}],"line":165},"11":{"loc":{"start":{"line":176,"column":8},"end":{"line":189,"column":9}},"type":"if","locations":[{"start":{"line":176,"column":8},"end":{"line":189,"column":9}},{"start":{"line":176,"column":8},"end":{"line":189,"column":9}}],"line":176},"12":{"loc":{"start":{"line":178,"column":12},"end":{"line":188,"column":13}},"type":"if","locations":[{"start":{"line":178,"column":12},"end":{"line":188,"column":13}},{"start":{"line":178,"column":12},"end":{"line":188,"column":13}}],"line":178},"13":{"loc":{"start":{"line":193,"column":4},"end":{"line":202,"column":5}},"type":"if","locations":[{"start":{"line":193,"column":4},"end":{"line":202,"column":5}},{"start":{"line":193,"column":4},"end":{"line":202,"column":5}}],"line":193},"14":{"loc":{"start":{"line":193,"column":8},"end":{"line":194,"column":27}},"type":"binary-expr","locations":[{"start":{"line":193,"column":8},"end":{"line":193,"column":49}},{"start":{"line":194,"column":8},"end":{"line":194,"column":27}}],"line":193},"15":{"loc":{"start":{"line":197,"column":9},"end":{"line":202,"column":5}},"type":"if","locations":[{"start":{"line":197,"column":9},"end":{"line":202,"column":5}},{"start":{"line":197,"column":9},"end":{"line":202,"column":5}}],"line":197},"16":{"loc":{"start":{"line":205,"column":4},"end":{"line":211,"column":5}},"type":"if","locations":[{"start":{"line":205,"column":4},"end":{"line":211,"column":5}},{"start":{"line":205,"column":4},"end":{"line":211,"column":5}}],"line":205},"17":{"loc":{"start":{"line":205,"column":8},"end":{"line":206,"column":27}},"type":"binary-expr","locations":[{"start":{"line":205,"column":8},"end":{"line":205,"column":49}},{"start":{"line":206,"column":8},"end":{"line":206,"column":27}}],"line":205},"18":{"loc":{"start":{"line":209,"column":9},"end":{"line":211,"column":5}},"type":"if","locations":[{"start":{"line":209,"column":9},"end":{"line":211,"column":5}},{"start":{"line":209,"column":9},"end":{"line":211,"column":5}}],"line":209},"19":{"loc":{"start":{"line":215,"column":8},"end":{"line":230,"column":9}},"type":"if","locations":[{"start":{"line":215,"column":8},"end":{"line":230,"column":9}},{"start":{"line":215,"column":8},"end":{"line":230,"column":9}}],"line":215},"20":{"loc":{"start":{"line":215,"column":12},"end":{"line":216,"column":31}},"type":"binary-expr","locations":[{"start":{"line":215,"column":12},"end":{"line":215,"column":53}},{"start":{"line":216,"column":12},"end":{"line":216,"column":31}}],"line":215},"21":{"loc":{"start":{"line":222,"column":12},"end":{"line":229,"column":13}},"type":"if","locations":[{"start":{"line":222,"column":12},"end":{"line":229,"column":13}},{"start":{"line":222,"column":12},"end":{"line":229,"column":13}}],"line":222},"22":{"loc":{"start":{"line":245,"column":8},"end":{"line":247,"column":9}},"type":"if","locations":[{"start":{"line":245,"column":8},"end":{"line":247,"column":9}},{"start":{"line":245,"column":8},"end":{"line":247,"column":9}}],"line":245},"23":{"loc":{"start":{"line":251,"column":8},"end":{"line":257,"column":9}},"type":"if","locations":[{"start":{"line":251,"column":8},"end":{"line":257,"column":9}},{"start":{"line":251,"column":8},"end":{"line":257,"column":9}}],"line":251},"24":{"loc":{"start":{"line":261,"column":8},"end":{"line":266,"column":9}},"type":"if","locations":[{"start":{"line":261,"column":8},"end":{"line":266,"column":9}},{"start":{"line":261,"column":8},"end":{"line":266,"column":9}}],"line":261},"25":{"loc":{"start":{"line":272,"column":8},"end":{"line":275,"column":9}},"type":"if","locations":[{"start":{"line":272,"column":8},"end":{"line":275,"column":9}},{"start":{"line":272,"column":8},"end":{"line":275,"column":9}}],"line":272},"26":{"loc":{"start":{"line":298,"column":8},"end":{"line":320,"column":9}},"type":"if","locations":[{"start":{"line":298,"column":8},"end":{"line":320,"column":9}},{"start":{"line":298,"column":8},"end":{"line":320,"column":9}}],"line":298},"27":{"loc":{"start":{"line":298,"column":12},"end":{"line":298,"column":33}},"type":"binary-expr","locations":[{"start":{"line":298,"column":12},"end":{"line":298,"column":19}},{"start":{"line":298,"column":23},"end":{"line":298,"column":33}}],"line":298},"28":{"loc":{"start":{"line":311,"column":20},"end":{"line":313,"column":21}},"type":"if","locations":[{"start":{"line":311,"column":20},"end":{"line":313,"column":21}},{"start":{"line":311,"column":20},"end":{"line":313,"column":21}}],"line":311},"29":{"loc":{"start":{"line":324,"column":8},"end":{"line":327,"column":9}},"type":"if","locations":[{"start":{"line":324,"column":8},"end":{"line":327,"column":9}},{"start":{"line":324,"column":8},"end":{"line":327,"column":9}}],"line":324},"30":{"loc":{"start":{"line":324,"column":12},"end":{"line":325,"column":31}},"type":"binary-expr","locations":[{"start":{"line":324,"column":12},"end":{"line":324,"column":53}},{"start":{"line":325,"column":12},"end":{"line":325,"column":31}}],"line":324},"31":{"loc":{"start":{"line":328,"column":8},"end":{"line":371,"column":9}},"type":"if","locations":[{"start":{"line":328,"column":8},"end":{"line":371,"column":9}},{"start":{"line":328,"column":8},"end":{"line":371,"column":9}}],"line":328},"32":{"loc":{"start":{"line":332,"column":12},"end":{"line":334,"column":13}},"type":"if","locations":[{"start":{"line":332,"column":12},"end":{"line":334,"column":13}},{"start":{"line":332,"column":12},"end":{"line":334,"column":13}}],"line":332},"33":{"loc":{"start":{"line":337,"column":12},"end":{"line":348,"column":13}},"type":"if","locations":[{"start":{"line":337,"column":12},"end":{"line":348,"column":13}},{"start":{"line":337,"column":12},"end":{"line":348,"column":13}}],"line":337},"34":{"loc":{"start":{"line":341,"column":16},"end":{"line":343,"column":17}},"type":"if","locations":[{"start":{"line":341,"column":16},"end":{"line":343,"column":17}},{"start":{"line":341,"column":16},"end":{"line":343,"column":17}}],"line":341},"35":{"loc":{"start":{"line":349,"column":12},"end":{"line":351,"column":13}},"type":"if","locations":[{"start":{"line":349,"column":12},"end":{"line":351,"column":13}},{"start":{"line":349,"column":12},"end":{"line":351,"column":13}}],"line":349},"36":{"loc":{"start":{"line":358,"column":12},"end":{"line":363,"column":13}},"type":"if","locations":[{"start":{"line":358,"column":12},"end":{"line":363,"column":13}},{"start":{"line":358,"column":12},"end":{"line":363,"column":13}}],"line":358},"37":{"loc":{"start":{"line":358,"column":16},"end":{"line":358,"column":55}},"type":"binary-expr","locations":[{"start":{"line":358,"column":16},"end":{"line":358,"column":26}},{"start":{"line":358,"column":30},"end":{"line":358,"column":41}},{"start":{"line":358,"column":45},"end":{"line":358,"column":55}}],"line":358},"38":{"loc":{"start":{"line":361,"column":17},"end":{"line":363,"column":13}},"type":"if","locations":[{"start":{"line":361,"column":17},"end":{"line":363,"column":13}},{"start":{"line":361,"column":17},"end":{"line":363,"column":13}}],"line":361},"39":{"loc":{"start":{"line":375,"column":8},"end":{"line":382,"column":9}},"type":"if","locations":[{"start":{"line":375,"column":8},"end":{"line":382,"column":9}},{"start":{"line":375,"column":8},"end":{"line":382,"column":9}}],"line":375},"40":{"loc":{"start":{"line":386,"column":8},"end":{"line":400,"column":9}},"type":"if","locations":[{"start":{"line":386,"column":8},"end":{"line":400,"column":9}},{"start":{"line":386,"column":8},"end":{"line":400,"column":9}}],"line":386},"41":{"loc":{"start":{"line":386,"column":12},"end":{"line":390,"column":58}},"type":"binary-expr","locations":[{"start":{"line":386,"column":12},"end":{"line":386,"column":58}},{"start":{"line":387,"column":12},"end":{"line":387,"column":57}},{"start":{"line":388,"column":12},"end":{"line":388,"column":57}},{"start":{"line":389,"column":12},"end":{"line":389,"column":55}},{"start":{"line":390,"column":12},"end":{"line":390,"column":58}}],"line":386},"42":{"loc":{"start":{"line":393,"column":12},"end":{"line":399,"column":13}},"type":"if","locations":[{"start":{"line":393,"column":12},"end":{"line":399,"column":13}},{"start":{"line":393,"column":12},"end":{"line":399,"column":13}}],"line":393},"43":{"loc":{"start":{"line":401,"column":8},"end":{"line":403,"column":9}},"type":"if","locations":[{"start":{"line":401,"column":8},"end":{"line":403,"column":9}},{"start":{"line":401,"column":8},"end":{"line":403,"column":9}}],"line":401},"44":{"loc":{"start":{"line":404,"column":8},"end":{"line":406,"column":9}},"type":"if","locations":[{"start":{"line":404,"column":8},"end":{"line":406,"column":9}},{"start":{"line":404,"column":8},"end":{"line":406,"column":9}}],"line":404},"45":{"loc":{"start":{"line":408,"column":4},"end":{"line":418,"column":5}},"type":"if","locations":[{"start":{"line":408,"column":4},"end":{"line":418,"column":5}},{"start":{"line":408,"column":4},"end":{"line":418,"column":5}}],"line":408},"46":{"loc":{"start":{"line":578,"column":4},"end":{"line":585,"column":5}},"type":"switch","locations":[{"start":{"line":579,"column":8},"end":{"line":581,"column":19}},{"start":{"line":582,"column":8},"end":{"line":584,"column":19}}],"line":578},"47":{"loc":{"start":{"line":598,"column":23},"end":{"line":600,"column":23}},"type":"cond-expr","locations":[{"start":{"line":599,"column":14},"end":{"line":599,"column":55}},{"start":{"line":600,"column":14},"end":{"line":600,"column":23}}],"line":598},"48":{"loc":{"start":{"line":602,"column":8},"end":{"line":615,"column":9}},"type":"if","locations":[{"start":{"line":602,"column":8},"end":{"line":615,"column":9}},{"start":{"line":602,"column":8},"end":{"line":615,"column":9}}],"line":602},"49":{"loc":{"start":{"line":603,"column":12},"end":{"line":614,"column":13}},"type":"if","locations":[{"start":{"line":603,"column":12},"end":{"line":614,"column":13}},{"start":{"line":603,"column":12},"end":{"line":614,"column":13}}],"line":603},"50":{"loc":{"start":{"line":603,"column":16},"end":{"line":605,"column":59}},"type":"binary-expr","locations":[{"start":{"line":603,"column":16},"end":{"line":603,"column":61}},{"start":{"line":604,"column":16},"end":{"line":604,"column":59}},{"start":{"line":605,"column":16},"end":{"line":605,"column":59}}],"line":603},"51":{"loc":{"start":{"line":656,"column":12},"end":{"line":658,"column":13}},"type":"if","locations":[{"start":{"line":656,"column":12},"end":{"line":658,"column":13}},{"start":{"line":656,"column":12},"end":{"line":658,"column":13}}],"line":656},"52":{"loc":{"start":{"line":662,"column":8},"end":{"line":664,"column":9}},"type":"if","locations":[{"start":{"line":662,"column":8},"end":{"line":664,"column":9}},{"start":{"line":662,"column":8},"end":{"line":664,"column":9}}],"line":662},"53":{"loc":{"start":{"line":683,"column":8},"end":{"line":688,"column":9}},"type":"if","locations":[{"start":{"line":683,"column":8},"end":{"line":688,"column":9}},{"start":{"line":683,"column":8},"end":{"line":688,"column":9}}],"line":683},"54":{"loc":{"start":{"line":702,"column":4},"end":{"line":713,"column":5}},"type":"if","locations":[{"start":{"line":702,"column":4},"end":{"line":713,"column":5}},{"start":{"line":702,"column":4},"end":{"line":713,"column":5}}],"line":702}},"s":{"0":1,"1":1,"2":1,"3":1,"4":1,"5":1,"6":1,"7":1,"8":1,"9":1,"10":1,"11":1,"12":1,"13":1,"14":1,"15":1,"16":0,"17":0,"18":0,"19":0,"20":0,"21":0,"22":1,"23":1,"24":0,"25":1,"26":1,"27":1,"28":0,"29":1,"30":1,"31":1,"32":1,"33":0,"34":0,"35":0,"36":1,"37":1,"38":1,"39":1,"40":1,"41":1,"42":0,"43":1,"44":1,"45":0,"46":1,"47":1,"48":0,"49":1,"50":0,"51":0,"52":0,"53":0,"54":0,"55":0,"56":0,"57":0,"58":1,"59":0,"60":0,"61":0,"62":0,"63":0,"64":0,"65":0,"66":0,"67":0,"68":0,"69":0,"70":0,"71":1,"72":0,"73":0,"74":0,"75":0,"76":0,"77":0,"78":0,"79":0,"80":0,"81":0,"82":0,"83":0,"84":0,"85":0,"86":0,"87":0,"88":0,"89":0,"90":0,"91":0,"92":0,"93":0,"94":0,"95":0,"96":0,"97":0,"98":0,"99":0,"100":0,"101":0,"102":0,"103":0,"104":0,"105":1,"106":0,"107":0,"108":0,"109":0,"110":0,"111":0,"112":0,"113":0,"114":0,"115":1,"116":1,"117":1,"118":1,"119":1,"120":1,"121":1,"122":1,"123":1,"124":1,"125":1,"126":1,"127":0,"128":0,"129":0,"130":1,"131":0,"132":0,"133":0,"134":0,"135":0,"136":1,"137":0,"138":0,"139":0,"140":0,"141":1,"142":0,"143":0,"144":0,"145":0,"146":0,"147":0,"148":0,"149":0,"150":0,"151":0,"152":0,"153":0,"154":1,"155":0,"156":0,"157":0,"158":0,"159":0,"160":0,"161":0,"162":0,"163":0,"164":0,"165":0,"166":0,"167":0,"168":0,"169":0,"170":0,"171":0,"172":0,"173":1,"174":0,"175":0,"176":0,"177":0,"178":0,"179":0,"180":0,"181":0,"182":0,"183":0,"184":0,"185":0,"186":0,"187":0,"188":0,"189":0,"190":0,"191":0,"192":0,"193":0,"194":0,"195":0,"196":0,"197":0,"198":0,"199":0,"200":0,"201":0,"202":1,"203":0,"204":0,"205":0,"206":0,"207":0,"208":0,"209":1,"210":0,"211":0,"212":0,"213":0,"214":0,"215":0,"216":0,"217":0,"218":0,"219":0,"220":0,"221":0,"222":0,"223":1,"224":1,"225":0,"226":0,"227":0,"228":1,"229":1,"230":1,"231":1,"232":0,"233":1,"234":0,"235":1,"236":1,"237":1,"238":1,"239":1,"240":1,"241":1,"242":1,"243":0,"244":0,"245":0,"246":0,"247":0,"248":0,"249":0,"250":0,"251":0,"252":0,"253":0,"254":0,"255":0,"256":0,"257":0,"258":0,"259":0,"260":0,"261":0,"262":0,"263":0,"264":0,"265":0,"266":0,"267":0,"268":0,"269":0,"270":0,"271":0,"272":0,"273":0,"274":0,"275":0,"276":0,"277":0,"278":0,"279":0,"280":0,"281":1,"282":0,"283":0,"284":0,"285":0,"286":0,"287":0,"288":0,"289":0,"290":0,"291":0,"292":0,"293":0,"294":0,"295":0,"296":0,"297":0,"298":0,"299":0,"300":0,"301":0,"302":0,"303":0,"304":0,"305":0,"306":0,"307":0,"308":0,"309":0,"310":0,"311":0,"312":0,"313":0,"314":0,"315":1,"316":0,"317":0,"318":0,"319":0,"320":0,"321":0,"322":0,"323":0,"324":0,"325":0,"326":0,"327":0,"328":0,"329":0,"330":0,"331":0,"332":0,"333":0,"334":0,"335":0,"336":0,"337":0,"338":0,"339":0},"f":{"0":0,"1":1,"2":1,"3":1,"4":1,"5":1,"6":0,"7":1,"8":1,"9":1,"10":0,"11":0,"12":0,"13":0,"14":0,"15":0,"16":0,"17":0,"18":0,"19":0,"20":1,"21":0,"22":0,"23":0,"24":0,"25":0,"26":0,"27":0,"28":0,"29":0,"30":0,"31":0,"32":0,"33":0,"34":0,"35":1,"36":0,"37":0,"38":1,"39":0,"40":0,"41":0,"42":0,"43":0,"44":0,"45":0,"46":0,"47":0,"48":0,"49":0,"50":0,"51":0,"52":0,"53":0,"54":0,"55":0,"56":0,"57":0,"58":0,"59":0,"60":0,"61":0,"62":0,"63":0,"64":0,"65":0,"66":0,"67":0,"68":0,"69":0,"70":0,"71":0,"72":0,"73":0,"74":0,"75":0,"76":0,"77":0,"78":0},"b":{"0":[0,1],"1":[0,1],"2":[0,0],"3":[1,0],"4":[0,1],"5":[0,1],"6":[0,0],"7":[0,0],"8":[0,0],"9":[0,0],"10":[0,0],"11":[0,0],"12":[0,0],"13":[0,0],"14":[0,0],"15":[0,0],"16":[0,0],"17":[0,0],"18":[0,0],"19":[0,0],"20":[0,0],"21":[0,0],"22":[0,0],"23":[0,0],"24":[0,0],"25":[0,0],"26":[0,0],"27":[0,0],"28":[0,0],"29":[0,0],"30":[0,0],"31":[0,0],"32":[0,0],"33":[0,0],"34":[0,0],"35":[0,0],"36":[0,0],"37":[0,0,0],"38":[0,0],"39":[0,0],"40":[0,0],"41":[0,0,0,0,0],"42":[0,0],"43":[0,0],"44":[0,0],"45":[1,0],"46":[0,0],"47":[0,0],"48":[0,0],"49":[0,0],"50":[0,0,0],"51":[0,0],"52":[0,0],"53":[0,0],"54":[0,0]},"inputSourceMap":{"version":3,"file":"extension.js","sourceRoot":"","sources":["../../src/extension/extension.ts"],"names":[],"mappings":";;;AAAA,iCAAiC;AAEjC,2CAWyB;AACzB,2CAA6C;AAC7C,+CAA+C;AAC/C,wCAAgE;AAEhE,MAAM,cAAc,GAAG,wBAAwB,CAAC;AAChD,MAAM,oBAAoB,GAAG,cAAc,GAAG,QAAQ,CAAC;AACvD,MAAM,qBAAqB,GAAG,cAAc,GAAG,SAAS,CAAC;AACzD,MAAM,oBAAoB,GAAG,cAAc,GAAG,QAAQ,CAAC;AACvD,MAAM,iBAAiB,4BAAe,CAAC;AACvC,MAAM,aAAa,+BAAiB,CAAC;AACrC,MAAM,gBAAgB,0BAAc,CAAC;AACrC,MAAM,gBAAgB,kCAAoB,CAAC;AAC3C,MAAM,aAAa,0BAAa,CAAC;AAEjC,MAAM,gBAAgB;IAEE;IACA;IACA;IAHpB,YACoB,KAAa,EACb,IAAY,EACZ,KAAa;QAFb,UAAK,GAAL,KAAK,CAAQ;QACb,SAAI,GAAJ,IAAI,CAAQ;QACZ,UAAK,GAAL,KAAK,CAAQ;QAE7B,IAAI,CAAC,IAAI,GAAG,KAAK,CAAC;QAClB,IAAI,CAAC,KAAK,GAAG,KAAK,CAAC;QACnB,IAAI,CAAC,WAAW,GAAG,GAAG,KAAK,IAAI,IAAI,EAAE,CAAC;IAC1C,CAAC;IAED,IAAI,CAAS;IACb,KAAK,CAAS;IACd,IAAI,CAAwC;IAC5C,WAAW,CAAsB;IACjC,MAAM,CAAsB;IAC5B,MAAM,CAAuB;IAC7B,UAAU,CAAuB;IACjC,OAAO,CAAkD;CAC5D;AAED,IAAI,mBAA2C,CAAC;AAEhD,SAAS,iBAAiB;IACtB,IAAI,IAAI,GAAG,MAAM,CAAC,SAAS;SACtB,gBAAgB,CAAC,aAAa,CAAC;SAC/B,GAAG,CAAU,SAAS,EAAE,iBAAiB,CAAC,CAAC;IAChD,IAAI,kBAAU,CAAC,WAAW,CAAC,IAAI,CAAC,KAAK,CAAC,CAAC,EAAE;QACrC,IAAI,GAAG,iBAAiB,CAAC;KAC5B;IACD,OAAO,IAAI,CAAC;AAChB,CAAC;AAED,SAAS,kBAAkB;IACvB,IAAI,KAAK,GAAG,MAAM,CAAC,SAAS;SACvB,gBAAgB,CAAC,aAAa,CAAC;SAC/B,GAAG,CAAQ,OAAO,EAAE,aAAa,CAAC,CAAC;IACxC,IAAI,kBAAU,CAAC,WAAW,CAAC,KAAK,CAAC,KAAK,CAAC,CAAC,EAAE;QACtC,KAAK,GAAG,aAAa,CAAC;KACzB;IACD,OAAO,KAAK,CAAC;AACjB,CAAC;AAED,SAAS,sBAAsB;IAC3B,OAAO,MAAM,CAAC,MAAM,CAAC,gBAAgB,CAAC,IAAI,CAAC;AAC/C,CAAC;AAED,SAAS,wBAAwB;IAC7B,OAAO,MAAM,CAAC,SAAS;SAClB,gBAAgB,CAAC,aAAa,CAAC;SAC/B,GAAG,CAAc,UAAU,EAAE,gBAAgB,CAAC,CAAC;AACxD,CAAC;AAED,SAAS,8BAA8B;IACnC,OAAO,MAAM,CAAC,SAAS;SAClB,gBAAgB,CAAC,aAAa,CAAC;SAC/B,GAAG,CAAU,oBAAoB,EAAE,IAAI,CAAC,CAAC;AAClD,CAAC;AAED,SAAS,yBAAyB;IAC9B,MAAM,KAAK,GAAG,WAAW,EAAE,CAAC;IAC5B,IAAI,KAAK,KAAK,SAAS,EAAE;QACrB,KAAK,CAAC,iBAAiB,CAAC,8BAA8B,EAAE,CAAC,CAAC;KAC7D;AACL,CAAC;AAED,SAAS,8BAA8B;IACnC,MAAM,CAAC,QAAQ,CAAC,cAAc,CAC1B,YAAY,EACZ,sBAAsB,EACtB,wBAAwB,EAAE,CAC7B,CAAC;AACN,CAAC;AAED,MAAa,gBAAgB;IACzB,KAAK,CAAW;IAChB,IAAI,CAAU;IACd,IAAI,CAAU;IACd,IAAI,CAAS;IAEb,YAAY,KAAe,EAAE,IAAa,EAAE,IAAa,EAAE,IAAa;QACpE,IAAI,CAAC,KAAK,GAAG,KAAK,CAAC;QACnB,IAAI,CAAC,IAAI,GAAG,IAAI,CAAC;QACjB,IAAI,CAAC,IAAI,GAAG,IAAI,CAAC;QACjB,IAAI,CAAC,IAAI,EAAE;YACP,IAAI,CAAC,IAAI,GAAG,IAAA,kBAAU,EAAC,IAAI,CAAC,CAAC;SAChC;aAAM;YACH,IAAI,CAAC,IAAI,GAAG,IAAI,CAAC;SACpB;IACL,CAAC;IAED,MAAM,CAAC,iBAAiB;QACpB,IAAI,KAAK,GAAG,MAAM,CAAC,SAAS;aACvB,gBAAgB,CAAC,aAAa,CAAC;aAC/B,GAAG,CAAW,UAAU,EAAE,aAAa,CAAC,CAAC;QAC9C,IAAI,kBAAU,CAAC,WAAW,CAAC,KAAK,CAAC,KAAK,CAAC,CAAC,EAAE;YACtC,KAAK,GAAG,aAAa,CAAC;SACzB;QACD,IAAI,IAAI,GAAG,MAAM,CAAC,SAAS;aACtB,gBAAgB,CAAC,aAAa,CAAC;aAC/B,GAAG,CAAU,SAAS,EAAE,gBAAgB,CAAC,CAAC;QAC/C,IAAI,gBAAQ,CAAC,WAAW,CAAC,IAAI,CAAC,KAAK,CAAC,CAAC,EAAE;YACnC,IAAI,GAAG,gBAAgB,CAAC;SAC3B;QAED,OAAO,IAAI,gBAAgB,CAAC,KAAK,EAAE,IAAI,EAAE,iBAAiB,EAAE,CAAC,CAAC;IAClE,CAAC;IAED,MAAM,CAAC,qBAAqB,CACxB,OAAgC,EAChC,IAAa;QAEb,IAAI,YAAY,GAAG,OAAO,CAAC,WAAW,CAAC,GAAG,CACtC,oBAAoB,EACpB,EAAE,CACL,CAAC;QACF,IAAI,aAAa,GAAG,OAAO,CAAC,WAAW,CAAC,GAAG,CACvC,qBAAqB,EACrB,EAAE,CACL,CAAC;QACF,IAAI,YAAY,GAAG,OAAO,CAAC,WAAW,CAAC,GAAG,CACtC,oBAAoB,EACpB,EAAE,CACL,CAAC;QACF,IAAI,MAAM,GAAuB,IAAI,KAAK,EAAE,CAAC;QAC7C,KAAK,IAAI,KAAK,GAAG,CAAC,EAAE,KAAK,GAAG,YAAY,CAAC,MAAM,EAAE,KAAK,EAAE,EAAE;YACtD,MAAM,CAAC,IAAI,CACP,IAAI,gBAAgB,CAChB,aAAa,EAAE,CAAC,KAAK,CAAC,IAAI,aAAa,EACvC,YAAY,CAAC,KAAK,CAAC,EACnB,IAAI,EACJ,YAAY,CAAC,KAAK,CAAC,CACtB,CACJ,CAAC;SACL;QACD,OAAO,MAAM,CAAC;IAClB,CAAC;CACJ;AA/DD,4CA+DC;AAED,SAAgB,wBAAwB,CACpC,OAAgC,EAChC,UAA8B;IAE9B,IAAI,YAAY,GAAG,IAAI,KAAK,CAAC,UAAU,CAAC,MAAM,CAAC,CAAC;IAChD,IAAI,aAAa,GAAG,IAAI,KAAK,CAAC,UAAU,CAAC,MAAM,CAAC,CAAC;IACjD,IAAI,YAAY,GAAG,IAAI,KAAK,CAAC,UAAU,CAAC,MAAM,CAAC,CAAC;IAChD,KAAK,IAAI,KAAK,GAAG,CAAC,EAAE,KAAK,GAAG,UAAU,CAAC,MAAM,EAAE,KAAK,EAAE,EAAE;QACpD,YAAY,CAAC,KAAK,CAAC,GAAG,UAAU,CAAC,KAAK,CAAC,CAAC,IAAI,CAAC;QAC7C,aAAa,CAAC,KAAK,CAAC,GAAG,UAAU,CAAC,KAAK,CAAC,CAAC,KAAK,CAAC;QAC/C,YAAY,CAAC,KAAK,CAAC,GAAG,UAAU,CAAC,KAAK,CAAC,CAAC,IAAI,CAAC;KAChD;IACD,OAAO,CAAC,WAAW,CAAC,MAAM,CAAC,oBAAoB,EAAE,YAAY,CAAC,CAAC;IAC/D,OAAO,CAAC,WAAW,CAAC,MAAM,CAAC,qBAAqB,EAAE,aAAa,CAAC,CAAC;IACjE,OAAO,CAAC,WAAW,CAAC,MAAM,CAAC,oBAAoB,EAAE,YAAY,CAAC,CAAC;IAC/D,OAAO,CAAC,WAAW,CAAC,cAAc,CAAC;QAC/B,oBAAoB;QACpB,qBAAqB;QACrB,oBAAoB;KACvB,CAAC,CAAC;AACP,CAAC;AApBD,4DAoBC;AAED,IAAI,iBAAuC,CAAC;AAQ5C,KAAK,UAAU,sBAAsB,CAEjC,OAAuB;IAEvB,IAAI,OAAO,GAAe,KAAK,EAAE,CAAC;IAClC,QAAQ,OAAO,CAAC,OAAO,EAAE;QACrB,KAAK,WAAW;YACZ,OAAO,CAAC,IAAI,CAAC,KAAK,CAAC,IAAI,CAAC,CAAC,OAAO,CAAC,CAAC,GAAG,EAAE,EAAE;gBACrC,IAAI,CAAC,GAAG,EAAE;oBACN,OAAO;iBACV;gBACD,IAAI,KAAK,GAAG,GAAG,CAAC,KAAK,CAAC,GAAG,CAAC,CAAC;gBAC3B,OAAO,CAAC,IAAI,CAAC;oBACT,IAAI,EAAE,KAAK,CAAC,CAAC,CAAY;oBACzB,IAAI,EAAE,KAAK,CAAC,CAAC,CAAC;oBACd,KAAK,EAAE,KAAK,CAAC,CAAC,CAAa;iBAC9B,CAAC,CAAC;YACP,CAAC,CAAC,CAAC;YACH,MAAM;QACV;YACI,OAAO;KACd;IACD,IAAI,CAAC,OAAO,EAAE;QACV,OAAO;KACV;IACD,IAAI,CAAC,OAAO,CAAC,MAAM,EAAE;QACjB,MAAM,CAAC,MAAM,CAAC,gBAAgB,CAC1B,MAAM,CAAC,IAAI,CAAC,CAAC,CAAC,8BAA8B,CAAC,CAChD,CAAC;QACF,OAAO;KACV;IACD,MAAM,MAAM,CAAC,MAAM;SACd,aAAa,CACV,OAAO,CAAC,GAAG,CAAC,CAAC,GAAG,EAAE,EAAE;QAChB,OAAO,IAAI,gBAAgB,CAAC,GAAG,CAAC,IAAI,EAAE,GAAG,CAAC,IAAI,EAAE,GAAG,CAAC,KAAK,CAAC,CAAC;IAC/D,CAAC,CAAC,EACF;QACI,WAAW,EAAE,MAAM,CAAC,IAAI,CAAC,CAAC,CAAC,2BAA2B,CAAC;KAC1D,CACJ;SACA,IAAI,CAAC,CAAC,GAAiC,EAAE,EAAE;QACxC,IAAI,GAAG,EAAE;YACL,MAAM,KAAK,GAAG,WAAW,EAAE,CAAC;YAC5B,IAAI,KAAK,KAAK,SAAS,EAAE;gBACrB,KAAK,CAAC,SAAS,CAAC,GAAG,CAAC,IAAI,CAAC,CAAC;gBAC1B,MAAM,UAAU,GAAG,OAAO;qBACrB,MAAM,CAAC,CAAC,IAAI,EAAE,EAAE;oBACb,OAAO,IAAI,CAAC,IAAI,KAAK,GAAG,CAAC,IAAI,CAAC;gBAClC,CAAC,CAAC;qBACD,GAAG,CAAmB,CAAC,IAAI,EAAE,EAAE;oBAC5B,OAAO,IAAI,gBAAgB,CACvB,IAAI,CAAC,KAAK,EACV,IAAI,CAAC,IAAI,iCAET,IAAI,CAAC,IAAI,CACZ,CAAC;gBACN,CAAC,CAAC,CAAC;gBACP,wBAAwB,CAAC,IAAI,EAAE,UAAU,CAAC,CAAC;aAC9C;SACJ;IACL,CAAC,CAAC,CAAC;AACX,CAAC;AAED,SAAS,WAAW;IAChB,IACI,wBAAwB,EAAE,0CAAyB;QACnD,mBAAmB,EACrB;QACE,OAAO,mBAAmB,CAAC;KAC9B;SAAM,IAAI,QAAQ,CAAC,YAAY,EAAE;QAC9B,OAAO,QAAQ,CAAC,YAAY,CAAC;KAChC;SAAM;QACH,OAAO,SAAS,CAAC;KACpB;AACL,CAAC;AAED,SAAS,UAAU;IACf,IACI,wBAAwB,EAAE,0CAAyB;QACnD,mBAAmB,EACrB;QACE,OAAO,mBAAmB,CAAC,UAAU,EAAE,CAAC;KAC3C;SAAM,IAAI,QAAQ,CAAC,YAAY,EAAE;QAC9B,OAAO,QAAQ,CAAC,YAAY,CAAC,UAAU,EAAE,CAAC;KAC7C;AACL,CAAC;AAED,SAAgB,QAAQ,CAAC,OAAgC;IACrD,OAAO,CAAC,aAAa,CAAC,IAAI,CACtB,MAAM,CAAC,QAAQ,CAAC,eAAe,CAAC,mBAAmB,EAAE,GAAG,EAAE;QACtD,IACI,wBAAwB,EAAE,0CAAyB;YACnD,mBAAmB,EACrB;YACE,MAAM,CAAC,QAAQ,CAAC,cAAc,CAAC,gBAAgB,CAAC,CAAC;SACpD;aAAM;YACH,MAAM,IAAI,GAAG,gBAAgB,CAAC,iBAAiB,EAAE,CAAC;YAClD,QAAQ,CAAC,YAAY,CACjB,OAAO,CAAC,YAAY,EACpB,IAAI,CAAC,KAAK,EACV,IAAI,CAAC,IAAI,EACT,IAAI,CAAC,IAAI,EACT,kBAAkB,EAAE,EACpB,sBAAsB,EAAE,EACxB,8BAA8B,EAAE,CACnC,CAAC;YAEF,IAAI,QAAQ,CAAC,YAAY,EAAE;gBACvB,IAAI,UAAU,GAAG,gBAAgB,CAAC,qBAAqB,CACnD,OAAO,EACP,iBAAiB,EAAE,CACtB,CAAC;gBACF,UAAU,CAAC,OAAO,CAAC,CAAC,IAAI,EAAE,EAAE;oBACxB,QAAQ,CAAC,YAAY,EAAE,QAAQ,CAAC,IAAI,CAAC,CAAC;gBAC1C,CAAC,CAAC,CAAC;gBACH,+FAA+F;gBAC/F,wBAAwB,CAAC,OAAO,EAAE,UAAU,CAAC,CAAC;aACjD;SACJ;IACL,CAAC,CAAC,CACL,CAAC;IAEF,iBAAiB,GAAG,MAAM,CAAC,MAAM,CAAC,mBAAmB,CACjD,MAAM,CAAC,kBAAkB,CAAC,KAAK,EAC/B,GAAG,CACN,CAAC;IACF,iBAAiB,CAAC,OAAO,GAAG,uBAAuB,CAAC;IACpD,OAAO,CAAC,aAAa,CAAC,IAAI,CAAC,iBAAiB,CAAC,CAAC;IAE9C,OAAO,CAAC,aAAa,CAAC,IAAI,CACtB,MAAM,CAAC,MAAM,CAAC,2BAA2B,CAAC,eAAe,CAAC,CAC7D,CAAC;IACF,OAAO,CAAC,aAAa,CAAC,IAAI,CACtB,MAAM,CAAC,MAAM,CAAC,8BAA8B,CAAC,eAAe,CAAC,CAChE,CAAC;IACF,OAAO,CAAC,aAAa,CAAC,IAAI,CACtB,MAAM,CAAC,MAAM,CAAC,2BAA2B,CACrC,8BAA8B,CACjC,CACJ,CAAC;IACF,eAAe,EAAE,CAAC;IAElB,MAAM,IAAI,GAAG,gBAAgB,CAAC,iBAAiB,EAAE,CAAC;IAClD,mBAAmB,GAAG,IAAI,sBAAsB,CAC5C,OAAO,CAAC,YAAY,EACpB,IAAI,CAAC,KAAK,EACV,IAAI,CAAC,IAAI,EACT,IAAI,CAAC,IAAI,EACT,kBAAkB,EAAE,EACpB,sBAAsB,EAAE,EACxB,8BAA8B,EAAE,CACnC,CAAC;IACF,8BAA8B,EAAE,CAAC;IAEjC,OAAO,CAAC,aAAa,CAAC,IAAI,CACtB,MAAM,CAAC,MAAM,CAAC,2BAA2B,CACrC,sBAAsB,CAAC,QAAQ,EAC/B,mBAAmB,CACtB,CACJ,CAAC;IAEF,OAAO,CAAC,aAAa,CAAC,IAAI,CACtB,MAAM,CAAC,QAAQ,CAAC,eAAe,CAAC,wBAAwB,EAAE,GAAG,EAAE;QAC3D,MAAM,KAAK,GAAG,WAAW,EAAE,CAAC;QAC5B,IAAI,KAAK,KAAK,SAAS,EAAE;YACrB,KAAK,CAAC,SAAS,EAAE,CAAC;SACrB;IACL,CAAC,CAAC,CACL,CAAC;IAEF,OAAO,CAAC,aAAa,CAAC,IAAI,CACtB,MAAM,CAAC,QAAQ,CAAC,eAAe,CAAC,wBAAwB,EAAE,KAAK,IAAI,EAAE;QACjE,MAAM,KAAK,GAAG,WAAW,EAAE,CAAC;QAC5B,IAAI,KAAK,KAAK,SAAS,EAAE;YACrB,KAAK,CAAC,QAAQ,EAAE,CAAC;YACjB,UAAU,EAAE,EAAE,mBAAmB,CAC7B,sBAAsB,EACtB,OAAO,CACV,CAAC;SACL;aAAM;YACH,mBAAmB,CAAC,OAAO,CAAC,CAAC;SAChC;IACL,CAAC,CAAC,CACL,CAAC;IAEF,OAAO,CAAC,aAAa,CAAC,IAAI,CACtB,MAAM,CAAC,QAAQ,CAAC,eAAe,CAAC,uBAAuB,EAAE,KAAK,IAAI,EAAE;QAChE,MAAM,KAAK,GAAG,WAAW,EAAE,CAAC;QAC5B,IAAI,KAAK,KAAK,SAAS,EAAE;YACrB,KAAK,CAAC,QAAQ,EAAE,CAAC;SACpB;aAAM;YACH,mBAAmB,CAAC,OAAO,CAAC,CAAC;SAChC;IACL,CAAC,CAAC,CACL,CAAC;IAEF,OAAO,CAAC,aAAa,CAAC,IAAI,CACtB,MAAM,CAAC,QAAQ,CAAC,eAAe,CAC3B,6BAA6B,EAC7B,KAAK,IAAI,EAAE;QACP,MAAM,IAAI,GAAG,gBAAgB,CAAC,qBAAqB,CAC/C,OAAO,EACP,iBAAiB,EAAE,CACtB,CAAC;QACF,MAAM,OAAO,GAAG,IAAI,CAAC,SAAS,CAAC,IAAI,EAAE,IAAI,EAAE,CAAC,CAAC,CAAC;QAC9C,MAAM,QAAQ,GAAG,QAAQ,IAAI,CAAC,GAAG,EAAE,OAAO,CAAC;QAC3C,IAAI,CAAC,MAAM,CAAC,SAAS,CAAC,gBAAgB,EAAE;YACpC,MAAM,CAAC,MAAM,CAAC,gBAAgB,CAC1B,MAAM,CAAC,IAAI,CAAC,CAAC,CACT,0DAA0D,CAC7D,CACJ,CAAC;YACF,OAAO;SACV;QACD,MAAM,QAAQ,GAAG,MAAM,CAAC,GAAG,CAAC,QAAQ,CAChC,MAAM,CAAC,SAAS,CAAC,gBAAgB,CAAC,CAAC,CAAC,CAAC,GAAG,EACxC,QAAQ,CACX,CAAC;QACF,MAAM,MAAM,GAAG,MAAM,CAAC,GAAG,CAAC,IAAI,CAAC,QAAQ,CAAC,CAAC,IAAI,CAAC;YAC1C,MAAM,EAAE,UAAU;YAClB,IAAI,EAAE,QAAQ,CAAC,MAAM;SACxB,CAAC,CAAC;QACH,MAAM,CAAC,SAAS,CAAC,gBAAgB,CAAC,MAAM,CAAC,CAAC,IAAI,CAAC,CAAC,GAAG,EAAE,EAAE;YACnD,MAAM,CAAC,MAAM,CAAC,gBAAgB,CAAC,GAAG,CAAC,CAAC,IAAI,CAAC,CAAC,MAAM,EAAE,EAAE;gBAChD,MAAM,CAAC,IAAI,CAAC,CAAC,IAAI,EAAE,EAAE;oBACjB,IAAI,CAAC,MAAM,CAAC,IAAI,MAAM,CAAC,QAAQ,CAAC,CAAC,EAAE,CAAC,CAAC,EAAE,OAAO,CAAC,CAAC;gBACpD,CAAC,CAAC,CAAC;YACP,CAAC,CAAC,CAAC;QACP,CAAC,CAAC,CAAC;IACP,CAAC,CACJ,CACJ,CAAC;IAEF,OAAO,CAAC,aAAa,CAAC,IAAI,CACtB,MAAM,CAAC,QAAQ,CAAC,eAAe,CAC3B,6BAA6B,EAC7B,KAAK,IAAI,EAAE;QACP,MAAM,OAAO,GAA6B;YACtC,aAAa,EAAE,KAAK;YACpB,SAAS,EAAE,gBAAgB;YAC3B,OAAO,EAAE;gBACL,IAAI,EAAE,CAAC,MAAM,CAAC;aACjB;SACJ,CAAC;QACF,MAAM,OAAO,GAAG,MAAM,MAAM,CAAC,MAAM,CAAC,cAAc,CAAC,OAAO,CAAC,CAAC;QAE5D,IAAI,OAAO,IAAI,OAAO,CAAC,CAAC,CAAC,EAAE;YACvB,OAAO,CAAC,GAAG,CAAC,iBAAiB,GAAG,OAAO,CAAC,CAAC,CAAC,CAAC,MAAM,CAAC,CAAC;YACnD,IAAI;gBACA,MAAM,YAAY,GAAG,MAAM,MAAM,CAAC,SAAS,CAAC,EAAE,CAAC,QAAQ,CACnD,OAAO,CAAC,CAAC,CAAC,CACb,CAAC;gBACF,MAAM,UAAU,GAAG,IAAI,CAAC,KAAK,CACzB,MAAM,CAAC,YAAY,CAAC,KAAK,CACrB,IAAI,EACJ,KAAK,CAAC,IAAI,CAAC,YAAY,CAAC,CAC3B,CACJ,CAAC;gBAEF,oCAAoC;gBACpC,IAAI,UAAU,GAAG,gBAAgB,CAAC,qBAAqB,CACnD,OAAO,EACP,iBAAiB,EAAE,CACtB,CAAC;gBACF,2BAA2B;gBAC3B,MAAM,KAAK,GAAG,WAAW,EAAE,CAAC;gBAC5B,KAAK,IAAI,CAAC,GAAG,CAAC,EAAE,CAAC,GAAG,UAAU,CAAC,MAAM,EAAE,CAAC,EAAE,EAAE;oBACxC,MAAM,GAAG,GAAG,UAAU,CAAC,CAAC,CAAC,CAAC;oBAC1B,MAAM,OAAO,GAAG,IAAI,gBAAgB,CAChC,IAAA,qBAAc,EAAC,GAAG,CAAC,KAAK,EAAE,GAAG,CAAC,IAAI,CAAC,EACnC,GAAG,CAAC,IAAI,EACR,GAAG,CAAC,IAAI,EACR,GAAG,CAAC,IAAI,CACX,CAAC;oBACF,UAAU,CAAC,IAAI,CAAC,OAAO,CAAC,CAAC;oBACzB,IAAI,KAAK,KAAK,SAAS,EAAE;wBACrB,KAAK,CAAC,QAAQ,CAAC,OAAO,CAAC,CAAC;qBAC3B;iBACJ;gBACD,wBAAwB,CAAC,OAAO,EAAE,UAAU,CAAC,CAAC;aACjD;YAAC,OAAO,CAAM,EAAE;gBACb,MAAM,CAAC,MAAM,CAAC,gBAAgB,CAC1B,MAAM,CAAC,IAAI,CAAC,CAAC,CACT,4BAA4B,EAC5B,CAAC,EAAE,OAAO,CACb,CACJ,CAAC;aACL;SACJ;IACL,CAAC,CACJ,CACJ,CAAC;IAEF,OAAO,CAAC,aAAa,CAAC,IAAI,CACtB,MAAM,CAAC,QAAQ,CAAC,eAAe,CAAC,uBAAuB,EAAE,KAAK,IAAI,EAAE;QAChE,MAAM,KAAK,GAAG,WAAW,EAAE,CAAC;QAC5B,IACI,wBAAwB,EAAE,0CAAyB;YACnD,mBAAmB,EACrB;YACE,MAAM,CAAC,QAAQ,CAAC,cAAc,CAAC,gBAAgB,CAAC,CAAC;SACpD;QACD,IAAI,KAAK,EAAE;YACP,MAAM,eAAe,GAAG,MAAM,MAAM,CAAC,MAAM,CAAC,aAAa,CACrD,QAAQ,CAAC,6BAA6B,CAAU,gBAAQ,CAAC,EACzD;gBACI,WAAW,EAAE,MAAM,CAAC,IAAI,CAAC,CAAC,CAAC,cAAc,CAAC;aAC7C,CACJ,CAAC;YACF,IAAI,eAAe,KAAK,SAAS,EAAE;gBAC/B,OAAO;aACV;YACD,IAAI,QAAQ,GAAa,aAAa,CAAC;YACvC,MAAM,cAAc,GAAG,IAAA,sBAAe,EAAC,eAAe,CAAC,KAAK,CAAC,CAAC;YAE9D,IAAI,cAAc,CAAC,MAAM,GAAG,CAAC,EAAE;gBAC3B,IAAI,aAAa,GAAG,MAAM,MAAM,CAAC,MAAM,CAAC,aAAa,CACjD,QAAQ,CAAC,6BAA6B,CAClC,cAAc,CACjB,EACD;oBACI,WAAW,EAAE,MAAM,CAAC,IAAI,CAAC,CAAC,CAAC,gBAAgB,CAAC;iBAC/C,CACJ,CAAC;gBACF,IAAI,aAAa,KAAK,SAAS,EAAE;oBAC7B,OAAO;iBACV;gBACD,QAAQ,GAAG,aAAa,CAAC,KAAK,CAAC;aAClC;iBAAM;gBACH,QAAQ,GAAG,cAAc,CAAC,CAAC,CAAC,CAAC;aAChC;YAED,IAAI,QAAQ,KAAK,SAAS,EAAE;gBACxB,OAAO;aACV;YAED,MAAM,IAAI,GAAG,MAAM,MAAM,CAAC,MAAM,CAAC,YAAY,CAAC;gBAC1C,WAAW,EAAE,MAAM,CAAC,IAAI,CAAC,CAAC,CAAC,+BAA+B,CAAC;gBAC3D,MAAM,EAAE,MAAM,CAAC,IAAI,CAAC,CAAC,CAAC,eAAe,CAAC;gBACtC,KAAK,EAAE,IAAA,kBAAU,EAAC,eAAe,CAAC,KAAK,CAAC;aAC3C,CAAC,CAAC;YACH,MAAM,IAAI,GAAG,IAAI,gBAAgB,CAC7B,QAAQ,EACR,eAAe,CAAC,KAAK,EACrB,iBAAiB,EAAE,EACnB,IAAI,CACP,CAAC;YACF,IAAI,CAAC,IAAI,CAAC,IAAI,IAAI,CAAC,IAAI,CAAC,KAAK,IAAI,CAAC,IAAI,CAAC,IAAI,EAAE;gBACzC,OAAO,MAAM,CAAC,MAAM,CAAC,kBAAkB,CACnC,MAAM,CAAC,IAAI,CAAC,CAAC,CAAC,wBAAwB,CAAC,CAC1C,CAAC;aACL;iBAAM,IAAI,IAAI,EAAE;gBACb,KAAK,CAAC,QAAQ,CAAC,IAAI,CAAC,CAAC;aACxB;YACD,IAAI,UAAU,GAAG,gBAAgB,CAAC,qBAAqB,CACnD,OAAO,EACP,iBAAiB,EAAE,CACtB,CAAC;YACF,UAAU,CAAC,IAAI,CAAC,IAAI,CAAC,CAAC;YACtB,wBAAwB,CAAC,OAAO,EAAE,UAAU,CAAC,CAAC;SACjD;aAAM;YACH,mBAAmB,CAAC,OAAO,CAAC,CAAC;YAC7B,MAAM,CAAC,MAAM,CAAC,sBAAsB,CAChC,MAAM,CAAC,IAAI,CAAC,CAAC,CACT,yGAAyG,CAC5G,CACJ,CAAC;SACL;IACL,CAAC,CAAC,CACL,CAAC;IAEF,OAAO,CAAC,aAAa,CAAC,IAAI,CACtB,MAAM,CAAC,QAAQ,CAAC,eAAe,CAAC,6BAA6B,EAAE,GAAG,EAAE;QAChE,MAAM,KAAK,GAAG,WAAW,EAAE,CAAC;QAC5B,IAAI,KAAK,KAAK,SAAS,EAAE;YACrB,KAAK,CAAC,SAAS,EAAE,CAAC;YAClB,wBAAwB,CAAC,OAAO,EAAE,EAAE,CAAC,CAAC;SACzC;aAAM;YACH,mBAAmB,CAAC,OAAO,CAAC,CAAC;YAC7B,MAAM,CAAC,MAAM,CAAC,sBAAsB,CAChC,MAAM,CAAC,IAAI,CAAC,CAAC,CACT,sGAAsG,CACzG,CACJ,CAAC;SACL;IACL,CAAC,CAAC,CACL,CAAC;IAEF,qCAAqC;IACrC,OAAO,CAAC,aAAa,CAAC,IAAI,CACtB,MAAM,CAAC,SAAS,CAAC,wBAAwB,CACrC,CAAC,CAAkC,EAAQ,EAAE;QACzC,IACI,CAAC,CAAC,oBAAoB,CAAC,sBAAsB,CAAC;YAC9C,CAAC,CAAC,oBAAoB,CAAC,qBAAqB,CAAC;YAC7C,CAAC,CAAC,oBAAoB,CAAC,qBAAqB,CAAC;YAC7C,CAAC,CAAC,oBAAoB,CAAC,mBAAmB,CAAC;YAC3C,CAAC,CAAC,oBAAoB,CAAC,sBAAsB,CAAC,EAChD;YACE,MAAM,IAAI,GAAG,gBAAgB,CAAC,iBAAiB,EAAE,CAAC;YAClD,MAAM,KAAK,GAAG,WAAW,EAAE,CAAC;YAC5B,IAAI,KAAK,EAAE;gBACP,KAAK,CAAC,cAAc,CAAC,IAAI,CAAC,KAAK,CAAC,CAAC;gBACjC,KAAK,CAAC,aAAa,CAAC,IAAI,CAAC,IAAI,CAAC,CAAC;gBAC/B,KAAK,CAAC,aAAa,CAAC,IAAI,CAAC,IAAI,CAAC,CAAC;gBAC/B,KAAK,CAAC,WAAW,CACb,kBAAkB,EAAE,EACpB,sBAAsB,EAAE,CAC3B,CAAC;gBACF,KAAK,CAAC,MAAM,EAAE,CAAC;aAClB;SACJ;QAED,IAAI,CAAC,CAAC,oBAAoB,CAAC,sBAAsB,CAAC,EAAE;YAChD,8BAA8B,EAAE,CAAC;SACpC;QAED,IAAI,CAAC,CAAC,oBAAoB,CAAC,gCAAgC,CAAC,EAAE;YAC1D,yBAAyB,EAAE,CAAC;SAC/B;IACL,CAAC,CACJ,CACJ,CAAC;IAEF,IAAI,MAAM,CAAC,MAAM,CAAC,8BAA8B,EAAE;QAC9C,yDAAyD;QACzD,MAAM,CAAC,MAAM,CAAC,8BAA8B,CAAC,QAAQ,CAAC,QAAQ,EAAE;YAC5D,KAAK,CAAC,uBAAuB,CAAC,YAAiC;gBAC3D,2EAA2E;gBAC3E,YAAY,CAAC,OAAO,CAAC,OAAO,GAAG,iBAAiB,CAC5C,OAAO,CAAC,YAAY,CACvB,CAAC;gBACF,MAAM,IAAI,GAAG,gBAAgB,CAAC,iBAAiB,EAAE,CAAC;gBAClD,QAAQ,CAAC,MAAM,CACX,YAAY,EACZ,OAAO,CAAC,YAAY,EACpB,IAAI,CAAC,KAAK,EACV,IAAI,CAAC,IAAI,EACT,IAAI,CAAC,IAAI,EACT,kBAAkB,EAAE,EACpB,sBAAsB,EAAE,EACxB,8BAA8B,EAAE,CACnC,CAAC;YACN,CAAC;SACJ,CAAC,CAAC;KACN;AACL,CAAC;AAvWD,4BAuWC;AAED,SAAS,eAAe;IACpB,iBAAiB,CAAC,IAAI,GAAG,aAAa,CAAC;IACvC,iBAAiB,CAAC,OAAO,GAAG,MAAM,CAAC,IAAI,CAAC,CAAC,CAAC,WAAW,CAAC,CAAC;IACvD,iBAAiB,CAAC,IAAI,EAAE,CAAC;AAC7B,CAAC;AAED,SAAgB,kBAAkB;IAC9B,iBAAiB,CAAC,OAAO,EAAE,CAAC;AAChC,CAAC;AAFD,gDAEC;AAED,SAAS,iBAAiB,CACtB,YAAwB;IAExB,OAAO;QACH,mCAAmC;QACnC,aAAa,EAAE,IAAI;QACnB,2FAA2F;QAC3F,kBAAkB,EAAE,CAAC,MAAM,CAAC,GAAG,CAAC,QAAQ,CAAC,YAAY,EAAE,OAAO,CAAC,CAAC;KACnE,CAAC;AACN,CAAC;AAmBD,MAAM,mBAAmB;IACX,aAAa,CAAa;IAC1B,YAAY,GAAwB,EAAE,CAAC;IACvC,SAAS,CAAW;IACpB,QAAQ,CAAU;IAClB,QAAQ,CAAU;IAClB,MAAM,CAAQ;IACd,UAAU,CAAwB;IAClC,mBAAmB,CAAU;IAEvC,YACI,YAAwB,EACxB,KAAe,EACf,IAAa,EACb,IAAa,EACb,KAAY,EACZ,SAAyB,EACzB,kBAA2B;QAE3B,IAAI,CAAC,aAAa,GAAG,YAAY,CAAC;QAClC,IAAI,CAAC,SAAS,GAAG,KAAK,CAAC;QACvB,IAAI,CAAC,QAAQ,GAAG,IAAI,CAAC;QACrB,IAAI,CAAC,QAAQ,GAAG,IAAI,CAAC;QACrB,IAAI,CAAC,MAAM,GAAG,KAAK,CAAC;QACpB,IAAI,CAAC,UAAU,GAAG,SAAS,CAAC;QAC5B,IAAI,CAAC,mBAAmB,GAAG,kBAAkB,CAAC;IAClD,CAAC;IAEM,QAAQ;QACX,OAAO,IAAA,qBAAc,EAAC,IAAI,CAAC,SAAS,EAAE,IAAI,CAAC,QAAQ,CAAC,CAAC;IACzD,CAAC;IAEM,OAAO;QACV,OAAO,IAAI,CAAC,QAAQ,CAAC;IACzB,CAAC;IAEM,OAAO;QACV,OAAO,IAAI,CAAC,QAAQ,CAAC;IACzB,CAAC;IAEM,KAAK;QACR,OAAO,IAAI,CAAC,MAAM,CAAC;IACvB,CAAC;IAEM,SAAS;QACZ,OAAO,IAAI,CAAC,UAAU,CAAC;IAC3B,CAAC;IAEM,kBAAkB;QACrB,OAAO,IAAI,CAAC,mBAAmB,CAAC;IACpC,CAAC;IAEM,cAAc,CAAC,QAAkB;QACpC,IAAI,CAAC,SAAS,GAAG,QAAQ,CAAC;IAC9B,CAAC;IAEM,aAAa,CAAC,OAAgB;QACjC,IAAI,CAAC,QAAQ,GAAG,OAAO,CAAC;IAC5B,CAAC;IAEM,aAAa,CAAC,OAAgB;QACjC,IAAI,CAAC,QAAQ,GAAG,OAAO,CAAC;IAC5B,CAAC;IAEM,WAAW,CAAC,QAAe,EAAE,SAAgC;QAChE,IAAI,CAAC,MAAM,GAAG,QAAQ,CAAC;QACvB,IAAI,CAAC,UAAU,GAAG,SAAS,CAAC;IAChC,CAAC;IAEM,iBAAiB,CAAC,iBAA0B;QAC/C,IAAI,CAAC,mBAAmB,GAAG,iBAAiB,CAAC;QAC7C,IAAI,CAAC,UAAU,EAAE,CAAC,WAAW,CAAC;YAC1B,OAAO,EAAE,kBAAkB;YAC3B,OAAO,EAAE,iBAAiB;SAC7B,CAAC,CAAC;IACP,CAAC;IAEM,SAAS;QACZ,IAAI,CAAC,UAAU,EAAE,CAAC,WAAW,CAAC;YAC1B,OAAO,EAAE,YAAY;SACxB,CAAC,CAAC;IACP,CAAC;IAEM,SAAS;QACZ,IAAI,CAAC,UAAU,EAAE,CAAC,WAAW,CAAC;YAC1B,OAAO,EAAE,WAAW;SACvB,CAAC,CAAC;IACP,CAAC;IAEM,QAAQ,CAAC,IAAsB;QAClC,IAAI,CAAC,UAAU,EAAE,CAAC,WAAW,CAAC;YAC1B,OAAO,EAAE,WAAW;YACpB,IAAI,EAAE,IAAI,CAAC,IAAI;YACf,KAAK,EAAE,IAAI,CAAC,KAAK;YACjB,IAAI,EAAE,IAAI,CAAC,IAAI;SAClB,CAAC,CAAC;QACH,IAAI,CAAC,UAAU,EAAE,CAAC,WAAW,CAAC,EAAE,OAAO,EAAE,UAAU,EAAE,IAAI,EAAE,IAAI,CAAC,IAAI,EAAE,CAAC,CAAC;IAC5E,CAAC;IAEM,QAAQ;QACX,IAAI,CAAC,UAAU,EAAE,CAAC,WAAW,CAAC,EAAE,OAAO,EAAE,WAAW,EAAE,CAAC,CAAC;IAC5D,CAAC;IAEM,QAAQ;QACX,IAAI,CAAC,UAAU,EAAE,CAAC,WAAW,CAAC,EAAE,OAAO,EAAE,WAAW,EAAE,CAAC,CAAC;IAC5D,CAAC;IAEM,SAAS,CAAC,OAAe;QAC5B,IAAI,CAAC,UAAU,EAAE,CAAC,WAAW,CAAC,EAAE,OAAO,EAAE,YAAY,EAAE,IAAI,EAAE,OAAO,EAAE,CAAC,CAAC;IAC5E,CAAC;IAES,UAAU;QAChB,MAAM,IAAI,KAAK,CAAC,iBAAiB,CAAC,CAAC;IACvC,CAAC;IAES,OAAO;QACb,MAAM,OAAO,GAAG,IAAI,CAAC,UAAU,EAAE,CAAC;QAClC,OAAO,CAAC,IAAI,GAAG,IAAI,CAAC,kBAAkB,CAAC,OAAO,CAAC,CAAC;IACpD,CAAC;IAEM,MAAM,KAAI,CAAC;IAER,kBAAkB,CAAC,OAAuB;QAChD,+CAA+C;QAC/C,MAAM,gBAAgB,GAAG,MAAM,CAAC,GAAG,CAAC,QAAQ,CACxC,IAAI,CAAC,aAAa,EAClB,OAAO,EACP,gBAAgB,CACnB,CAAC;QAEF,wDAAwD;QACxD,MAAM,SAAS,GAAG,OAAO,CAAC,YAAY,CAAC,gBAAgB,CAAC,CAAC;QAEzD,2BAA2B;QAC3B,MAAM,cAAc,GAAG,MAAM,CAAC,GAAG,CAAC,QAAQ,CACtC,IAAI,CAAC,aAAa,EAClB,OAAO,EACP,WAAW,CACd,CAAC;QACF,MAAM,kBAAkB,GAAG,MAAM,CAAC,GAAG,CAAC,QAAQ,CAC1C,IAAI,CAAC,aAAa,EAClB,OAAO,EACP,UAAU,CACb,CAAC;QACF,MAAM,kBAAkB,GAAG,OAAO,CAAC,YAAY,CAC3C,MAAM,CAAC,GAAG,CAAC,QAAQ,CACf,IAAI,CAAC,aAAa,EAClB,OAAO,EACP,wBAAwB,CAC3B,CACJ,CAAC;QAEF,kCAAkC;QAClC,MAAM,cAAc,GAAG,OAAO,CAAC,YAAY,CAAC,cAAc,CAAC,CAAC;QAC5D,MAAM,aAAa,GAAG,OAAO,CAAC,YAAY,CAAC,kBAAkB,CAAC,CAAC;QAE/D,+BAA+B;QAC/B,MAAM,UAAU,GAAG,OAAO,CAAC,YAAY,CACnC,MAAM,CAAC,GAAG,CAAC,QAAQ,CAAC,IAAI,CAAC,aAAa,EAAE,OAAO,CAAC,CACnD,CAAC;QAEF,uDAAuD;QACvD,MAAM,KAAK,GAAG,QAAQ,EAAE,CAAC;QAEzB,OAAO;;;;;;;;wFASK,OAAO,CAAC,SACZ,WAAW,KAAK,cACpB,OAAO,CAAC,SACZ,8BAA8B,KAAK;2BAChB,OAAO,CAAC,SAAS;;kBAE1B,cAAc,6BAA6B,KAAK;kBAChD,aAAa,6BAA6B,KAAK;gCACjC,KAAK;;;gCAGL,kBAAkB;;;;;;;;;qBAS7B,KAAK,UAAU,SAAS;qBACxB,KAAK,yBAAyB,UAAU,OAAO,IAAI,CAAC,KAAK,EAAE,MAAM,IAAI,CAAC,SAAS,EAAE,MAAM,IAAI,CAAC,QAAQ,EAAE,OAAO,IAAI,CAAC,OAAO,EAAE,OAAO,IAAI,CAAC,OAAO,EAAE,MAAM,IAAI,CAAC,kBAAkB,EAAE;;WAEzL,CAAC;IACR,CAAC;CACJ;AAED,SAAS,oBAAoB,CAAC,OAAuB;IACjD,QAAQ,OAAO,CAAC,OAAO,EAAE;QACrB,KAAK,OAAO;YACR,MAAM,CAAC,MAAM,CAAC,gBAAgB,CAAC,OAAO,CAAC,IAAI,CAAC,CAAC;YAC7C,OAAO;QACX,KAAK,MAAM;YACP,MAAM,CAAC,MAAM,CAAC,sBAAsB,CAAC,OAAO,CAAC,IAAI,CAAC,CAAC;YACnD,OAAO;KACd;AACL,CAAC;AAED;;GAEG;AACH,MAAM,QAAS,SAAQ,mBAAmB;IACtC;;OAEG;IACI,MAAM,CAAC,YAAY,CAAuB;IAE1C,MAAM,CAAU,QAAQ,GAAG,WAAW,CAAC;IAE7B,MAAM,CAAsB;IAEtC,MAAM,CAAC,YAAY,CACtB,YAAwB,EACxB,QAAkB,EAClB,OAAgB,EAChB,OAAgB,EAChB,KAAY,EACZ,SAAyB,EACzB,kBAA2B;QAE3B,MAAM,MAAM,GAAG,MAAM,CAAC,MAAM,CAAC,gBAAgB;YACzC,CAAC,CAAC,MAAM,CAAC,MAAM,CAAC,gBAAgB,CAAC,UAAU;YAC3C,CAAC,CAAC,SAAS,CAAC;QAChB,uCAAuC;QACvC,IAAI,QAAQ,CAAC,YAAY,EAAE;YACvB,IACI,QAAQ,KAAK,QAAQ,CAAC,YAAY,CAAC,QAAQ,EAAE;gBAC7C,OAAO,KAAK,QAAQ,CAAC,YAAY,CAAC,OAAO,EAAE;gBAC3C,OAAO,KAAK,QAAQ,CAAC,YAAY,CAAC,OAAO,EAAE,EAC7C;gBACE,QAAQ,CAAC,YAAY,CAAC,MAAM,CAAC,MAAM,CAAC,MAAM,CAAC,CAAC;gBAC5C,OAAO;aACV;iBAAM;gBACH,QAAQ,CAAC,YAAY,CAAC,cAAc,CAAC,QAAQ,CAAC,CAAC;gBAC/C,QAAQ,CAAC,YAAY,CAAC,aAAa,CAAC,OAAO,CAAC,CAAC;gBAC7C,QAAQ,CAAC,YAAY,CAAC,aAAa,CAAC,OAAO,CAAC,CAAC;gBAC7C,QAAQ,CAAC,YAAY,CAAC,MAAM,EAAE,CAAC;aAClC;SACJ;QAED,iCAAiC;QACjC,MAAM,KAAK,GAAG,MAAM,CAAC,MAAM,CAAC,kBAAkB,CAC1C,QAAQ,CAAC,QAAQ,EACjB,MAAM,CAAC,IAAI,CAAC,CAAC,CAAC,WAAW,CAAC,EAC1B,MAAM,CAAC,UAAU,CAAC,GAAG,EACrB,iBAAiB,CAAC,YAAY,CAAC,CAClC,CAAC;QAEF,QAAQ,CAAC,YAAY,GAAG,IAAI,QAAQ,CAChC,KAAK,EACL,YAAY,EACZ,QAAQ,EACR,OAAO,EACP,OAAO,EACP,KAAK,EACL,SAAS,EACT,kBAAkB,CACrB,CAAC;IACN,CAAC;IAEM,SAAS;QACZ,IAAI,CAAC,UAAU,EAAE,CAAC,WAAW,CAAC,EAAE,OAAO,EAAE,WAAW,EAAE,CAAC,CAAC;IAC5D,CAAC;IAEM,QAAQ;QACX,IAAI,CAAC,UAAU,EAAE,CAAC,WAAW,CAAC,EAAE,OAAO,EAAE,WAAW,EAAE,CAAC,CAAC;IAC5D,CAAC;IAEM,QAAQ;QACX,IAAI,CAAC,UAAU,EAAE,CAAC,WAAW,CAAC,EAAE,OAAO,EAAE,WAAW,EAAE,CAAC,CAAC;IAC5D,CAAC;IAEM,SAAS,CAAC,OAAe;QAC5B,IAAI,CAAC,UAAU,EAAE,CAAC,WAAW,CAAC,EAAE,OAAO,EAAE,YAAY,EAAE,IAAI,EAAE,OAAO,EAAE,CAAC,CAAC;IAC5E,CAAC;IAEM,MAAM,CAAC,MAAM,CAChB,KAA0B,EAC1B,YAAwB,EACxB,QAAkB,EAClB,OAAgB,EAChB,OAAgB,EAChB,KAAY,EACZ,SAAyB,EACzB,kBAA2B;QAE3B,QAAQ,CAAC,YAAY,GAAG,IAAI,QAAQ,CAChC,KAAK,EACL,YAAY,EACZ,QAAQ,EACR,OAAO,EACP,OAAO,EACP,KAAK,EACL,SAAS,EACT,kBAAkB,CACrB,CAAC;IACN,CAAC;IAED,YACI,KAA0B,EAC1B,YAAwB,EACxB,KAAe,EACf,IAAa,EACb,IAAa,EACb,KAAY,EACZ,SAAyB,EACzB,kBAA2B;QAE3B,KAAK,CACD,YAAY,EACZ,KAAK,EACL,IAAI,EACJ,IAAI,EACJ,KAAK,EACL,SAAS,EACT,kBAAkB,CACrB,CAAC;QAEF,IAAI,CAAC,MAAM,GAAG,KAAK,CAAC;QAEpB,yCAAyC;QACzC,IAAI,CAAC,OAAO,EAAE,CAAC;QAEf,wCAAwC;QACxC,0FAA0F;QAC1F,IAAI,CAAC,MAAM,CAAC,YAAY,CAAC,GAAG,EAAE,CAAC,IAAI,CAAC,OAAO,EAAE,EAAE,IAAI,EAAE,IAAI,CAAC,YAAY,CAAC,CAAC;QAExE,2CAA2C;QAC3C,IAAI,CAAC,MAAM,CAAC,oBAAoB,CAC5B,GAAG,EAAE;YACD,IAAI,CAAC,MAAM,EAAE,CAAC;QAClB,CAAC,EACD,IAAI,EACJ,IAAI,CAAC,YAAY,CACpB,CAAC;QAEF,mCAAmC;QACnC,IAAI,CAAC,MAAM,CAAC,OAAO,CAAC,mBAAmB,CACnC,oBAAoB,EACpB,IAAI,EACJ,IAAI,CAAC,YAAY,CACpB,CAAC;IACN,CAAC;IAEM,OAAO;QACV,QAAQ,CAAC,YAAY,GAAG,SAAS,CAAC;QAElC,yBAAyB;QACzB,IAAI,CAAC,MAAM,CAAC,OAAO,EAAE,CAAC;QAEtB,OAAO,IAAI,CAAC,YAAY,CAAC,MAAM,EAAE;YAC7B,MAAM,CAAC,GAAG,IAAI,CAAC,YAAY,CAAC,GAAG,EAAE,CAAC;YAClC,IAAI,CAAC,EAAE;gBACH,CAAC,CAAC,OAAO,EAAE,CAAC;aACf;SACJ;IACL,CAAC;IAEM,MAAM;QACT,IAAI,IAAI,CAAC,MAAM,CAAC,OAAO,EAAE;YACrB,IAAI,CAAC,OAAO,EAAE,CAAC;SAClB;IACL,CAAC;IAED,UAAU;QACN,OAAO,IAAI,CAAC,MAAM,CAAC,OAAO,CAAC;IAC/B,CAAC;;AAGL,MAAM,sBAAuB,SAAQ,mBAAmB;IAC7C,MAAM,CAAU,QAAQ,GAAG,UAAU,CAAC;IAErC,YAAY,CAAsB;IAE1C,kBAAkB,CAAC,WAA+B;QAC9C,IAAI,CAAC,YAAY,GAAG,WAAW,CAAC;QAEhC,WAAW,CAAC,OAAO,CAAC,OAAO,GAAG,iBAAiB,CAAC,IAAI,CAAC,aAAa,CAAC,CAAC;QACpE,WAAW,CAAC,OAAO,CAAC,IAAI,GAAG,IAAI,CAAC,kBAAkB,CAAC,WAAW,CAAC,OAAO,CAAC,CAAC;QAExE,WAAW,CAAC,OAAO,CAAC,mBAAmB,CACnC,oBAAoB,EACpB,IAAI,EACJ,IAAI,CAAC,YAAY,CACpB,CAAC;IACN,CAAC;IAED,MAAM;QACF,IAAI,CAAC,OAAO,EAAE,CAAC;IACnB,CAAC;IAED,UAAU;QACN,IAAI,IAAI,CAAC,YAAY,KAAK,SAAS,EAAE;YACjC,MAAM,IAAI,KAAK,CACX,MAAM,CAAC,IAAI,CAAC,CAAC,CACT,mFAAmF,CACtF,CACJ,CAAC;SACL;aAAM;YACH,OAAO,IAAI,CAAC,YAAY,CAAC,OAAO,CAAC;SACpC;IACL,CAAC;;AAGL,SAAS,QAAQ;IACb,IAAI,IAAI,GAAG,EAAE,CAAC;IACd,MAAM,QAAQ,GACV,gEAAgE,CAAC;IACrE,KAAK,IAAI,CAAC,GAAG,CAAC,EAAE,CAAC,GAAG,EAAE,EAAE,CAAC,EAAE,EAAE;QACzB,IAAI,IAAI,QAAQ,CAAC,MAAM,CAAC,IAAI,CAAC,KAAK,CAAC,IAAI,CAAC,MAAM,EAAE,GAAG,QAAQ,CAAC,MAAM,CAAC,CAAC,CAAC;KACxE;IACD,OAAO,IAAI,CAAC;AAChB,CAAC;AAED,SAAS,mBAAmB,CAAC,OAAgC;IACzD,MAAM,IAAI,GAAG,gBAAgB,CAAC,iBAAiB,EAAE,CAAC;IAClD,QAAQ,CAAC,YAAY,CACjB,OAAO,CAAC,YAAY,EACpB,IAAI,CAAC,KAAK,EACV,IAAI,CAAC,IAAI,EACT,IAAI,CAAC,IAAI,EACT,kBAAkB,EAAE,EACpB,sBAAsB,EAAE,EACxB,8BAA8B,EAAE,CACnC,CAAC;IACF,IAAI,QAAQ,CAAC,YAAY,EAAE;QACvB,IAAI,UAAU,GAAG,gBAAgB,CAAC,qBAAqB,CACnD,OAAO,EACP,iBAAiB,EAAE,CACtB,CAAC;QACF,UAAU,CAAC,
[...]
":{"line":329,"column":8},"end":{"line":336,"column":9}}],"line":329},"46":{"loc":{"start":{"line":333,"column":13},"end":{"line":336,"column":9}},"type":"if","locations":[{"start":{"line":333,"column":13},"end":{"line":336,"column":9}},{"start":{"line":333,"column":13},"end":{"line":336,"column":9}}],"line":333},"47":{"loc":{"start":{"line":337,"column":8},"end":{"line":346,"column":9}},"type":"if","locations":[{"start":{"line":337,"column":8},"end":{"line":346,"column":9}},{"start":{"line":337,"column":8},"end":{"line":346,"column":9}}],"line":337},"48":{"loc":{"start":{"line":343,"column":13},"end":{"line":346,"column":9}},"type":"if","locations":[{"start":{"line":343,"column":13},"end":{"line":346,"column":9}},{"start":{"line":343,"column":13},"end":{"line":346,"column":9}}],"line":343},"49":{"loc":{"start":{"line":362,"column":4},"end":{"line":371,"column":5}},"type":"if","locations":[{"start":{"line":362,"column":4},"end":{"line":371,"column":5}},{"start":{"line":362,"column":4},"end":{"line":371,"column":5}}],"line":362},"50":{"loc":{"start":{"line":373,"column":4},"end":{"line":378,"column":5}},"type":"if","locations":[{"start":{"line":373,"column":4},"end":{"line":378,"column":5}},{"start":{"line":373,"column":4},"end":{"line":378,"column":5}}],"line":373},"51":{"loc":{"start":{"line":382,"column":8},"end":{"line":449,"column":9}},"type":"switch","locations":[{"start":{"line":383,"column":12},"end":{"line":390,"column":22}},{"start":{"line":391,"column":12},"end":{"line":399,"column":22}},{"start":{"line":400,"column":12},"end":{"line":403,"column":22}},{"start":{"line":404,"column":12},"end":{"line":412,"column":22}},{"start":{"line":413,"column":12},"end":{"line":422,"column":19}},{"start":{"line":423,"column":12},"end":{"line":439,"column":22}},{"start":{"line":440,"column":12},"end":{"line":444,"column":22}},{"start":{"line":445,"column":12},"end":{"line":448,"column":22}}],"line":382},"52":{"loc":{"start":{"line":384,"column":16},"end":{"line":389,"column":17}},"type":"if","locations":[{"start":{"line":384,"column":16},"end":{"line":389,"column":17}},{"start":{"line":384,"column":16},"end":{"line":389,"column":17}}],"line":384},"53":{"loc":{"start":{"line":395,"column":20},"end":{"line":397,"column":21}},"type":"if","locations":[{"start":{"line":395,"column":20},"end":{"line":397,"column":21}},{"start":{"line":395,"column":20},"end":{"line":397,"column":21}}],"line":395},"54":{"loc":{"start":{"line":401,"column":138},"end":{"line":401,"column":191}},"type":"binary-expr","locations":[{"start":{"line":401,"column":138},"end":{"line":401,"column":150}},{"start":{"line":401,"column":154},"end":{"line":401,"column":191}}],"line":401},"55":{"loc":{"start":{"line":425,"column":16},"end":{"line":438,"column":17}},"type":"if","locations":[{"start":{"line":425,"column":16},"end":{"line":438,"column":17}},{"start":{"line":425,"column":16},"end":{"line":438,"column":17}}],"line":425}},"s":{"0":1,"1":1,"2":1,"3":1,"4":1,"5":1,"6":17,"7":0,"8":17,"9":0,"10":17,"11":0,"12":17,"13":17,"14":0,"15":15,"16":0,"17":0,"18":0,"19":0,"20":0,"21":0,"22":0,"23":0,"24":0,"25":0,"26":15,"27":0,"28":0,"29":15,"30":0,"31":0,"32":0,"33":0,"34":0,"35":0,"36":0,"37":0,"38":17,"39":0,"40":17,"41":17,"42":120,"43":120,"44":0,"45":120,"46":120,"47":17,"48":17,"49":17,"50":17,"51":17,"52":17,"53":17,"54":17,"55":17,"56":17,"57":17,"58":17,"59":17,"60":17,"61":0,"62":17,"63":17,"64":17,"65":0,"66":0,"67":0,"68":0,"69":17,"70":137,"71":0,"72":137,"73":137,"74":137,"75":137,"76":137,"77":137,"78":1,"79":0,"80":0,"81":0,"82":0,"83":0,"84":0,"85":0,"86":0,"87":0,"88":0,"89":0,"90":0,"91":0,"92":0,"93":0,"94":0,"95":0,"96":0,"97":0,"98":0,"99":0,"100":0,"101":0,"102":0,"103":0,"104":17,"105":17,"106":17,"107":17,"108":17,"109":0,"110":0,"111":0,"112":0,"113":0,"114":0,"115":17,"116":17,"117":17,"118":0,"119":17,"120":17,"121":15,"122":15,"123":15,"124":15,"125":0,"126":0,"127":0,"128":0,"129":15,"130":15,"131":15,"132":2,"133":2,"134":17,"135":17,"136":17,"137":17,"138":17,"139":0,"140":0,"141":0,"142":0,"143":0,"144":0,"145":0,"146":0,"147":0,"148":0,"149":0,"150":0,"151":0,"152":0,"153":0,"154":0,"155":0,"156":0,"157":0,"158":0,"159":0,"160":0,"161":0,"162":0,"163":0,"164":0,"165":0,"166":0,"167":0,"168":0,"169":0,"170":0,"171":0,"172":0,"173":0,"174":0,"175":0,"176":0,"177":0,"178":0,"179":17,"180":17,"181":17,"182":0,"183":17,"184":0,"185":0,"186":0,"187":0,"188":0,"189":0,"190":0,"191":0,"192":0,"193":0,"194":0,"195":0,"196":0,"197":0,"198":0,"199":0,"200":0,"201":0,"202":0,"203":0,"204":0,"205":0,"206":0,"207":0,"208":0,"209":0,"210":0,"211":0,"212":0,"213":0,"214":17,"215":17,"216":17,"217":17,"218":17,"219":17,"220":17,"221":0,"222":0,"223":17,"224":17,"225":0,"226":17,"227":17,"228":0,"229":0,"230":0,"231":0,"232":0,"233":0,"234":0,"235":0,"236":0,"237":0,"238":0,"239":0,"240":0,"241":0,"242":0,"243":0,"244":0,"245":0,"246":0,"247":0,"248":0,"249":0,"250":0,"251":0,"252":0,"253":0,"254":0,"255":0,"256":0,"257":0,"258":0,"259":0,"260":0,"261":0,"262":0,"263":0,"264":1,"265":1,"266":0},"f":{"0":17,"1":15,"2":0,"3":0,"4":17,"5":120,"6":0,"7":17,"8":137,"9":137,"10":0,"11":0,"12":0,"13":17,"14":17,"15":17,"16":0,"17":0,"18":0,"19":0,"20":0,"21":0,"22":0,"23":17,"24":0,"25":0,"26":0,"27":0,"28":0,"29":0,"30":0},"b":{"0":[0,17],"1":[0,17],"2":[0,17],"3":[17,0],"4":[0,0,15],"5":[0,0,0,0,0],"6":[0,0,0,0,0],"7":[0,0,15,0,0],"8":[0,0],"9":[0,0],"10":[0,17],"11":[0,17],"12":[0,137],"13":[137,137],"14":[0,0],"15":[0,0],"16":[0,0],"17":[0,0],"18":[0,0],"19":[0,0],"20":[0,0],"21":[0,0],"22":[0,0],"23":[0,0],"24":[0,0],"25":[0,0],"26":[0,0],"27":[0,0],"28":[0,0],"29":[17,0],"30":[0,0],"31":[0,17],"32":[15,2],"33":[15,0,0,0],"34":[0,0],"35":[0,0],"36":[0,0],"37":[0,0],"38":[0,0],"39":[0,0],"40":[0,0],"41":[0,17],"42":[0,17],"43":[0,0],"44":[0,0],"45":[0,0],"46":[0,0],"47":[0,0],"48":[0,0],"49":[17,0],"50":[0,17],"51":[0,0,0,0,0,0,0,0],"52":[0,0],"53":[0,0],"54":[0,0],"55":[0,0]},"inputSourceMap":{"version":3,"file":"main.js","sourceRoot":"","sources":["../../src/panel/main.ts"],"names":[],"mappings":";;;AAAA,oDAAoD;AACpD,2CAA6C;AAU7C,iCAOgB;AAChB,qCAAqE;AAY1D,QAAA,OAAO,GAAmB,IAAI,oBAAa,EAAE,CAAC;AACzD,IAAI,UAAkB,CAAC;AAEvB,SAAS,mBAAmB,CAAC,IAAa;IACtC,IAAI,IAAI,8BAAiB,EAAE;QACvB,OAAO,CAAC,CAAC;KACZ;SAAM,IAAI,IAAI,gCAAkB,EAAE;QAC/B,OAAO,CAAC,CAAC;KACZ;SAAM,IAAI,IAAI,kCAAmB,EAAE;QAChC,OAAO,CAAC,CAAC;KACZ;SAAM,IAAI,IAAI,gCAAkB,EAAE;QAC/B,OAAO,CAAC,CAAC;KACZ;SAAM;QACH,OAAO,CAAC,CAAC,CAAC,QAAQ;KACrB;AACL,CAAC;AAED,SAAS,cAAc,CAAC,IAAa,EAAE,KAAY;IAC/C,QAAQ,KAAK,EAAE;QACX;YACI,QAAQ,IAAI,EAAE;gBACV;oBACI,OAAO,EAAE,CAAC;gBACd;oBACI,OAAO,EAAE,CAAC;gBACd;oBACI,OAAO,EAAE,CAAC;gBACd,+BAAkB;gBAClB;oBACI,OAAO,EAAE,CAAC;aACjB;QACL;YACI,QAAQ,IAAI,EAAE;gBACV;oBACI,OAAO,EAAE,CAAC;gBACd;oBACI,OAAO,EAAE,CAAC;gBACd;oBACI,OAAO,GAAG,CAAC;gBACf,+BAAkB;gBAClB;oBACI,OAAO,EAAE,CAAC;aACjB;QACL;YACI,QAAQ,IAAI,EAAE;gBACV;oBACI,OAAO,EAAE,CAAC;gBACd;oBACI,OAAO,EAAE,CAAC;gBACd;oBACI,OAAO,GAAG,CAAC;gBACf,+BAAkB;gBAClB;oBACI,OAAO,EAAE,CAAC;aACjB;KACR;IACD,OAAO,CAAC,CAAC;AACb,CAAC;AAED,SAAS,eAAe,CAAC,CAAa;IAClC,IAAI,EAAE,GAAG,CAAC,CAAC,aAA+B,CAAC;IAC3C,eAAO,CAAC,IAAI,CAAC,OAAO,CAAC,CAAC,OAAO,EAAE,EAAE;QAC7B,IAAI,OAAO,CAAC,SAAS,KAAK,EAAE,EAAE;YAC1B,IAAI,CAAC,OAAO,CAAC,GAAG,CAAC,QAAQ,EAAE;gBACvB,OAAO;aACV;YACD,OAAO,CAAC,GAAG,CAAC,KAAK,EAAE,CAAC;SACvB;IACL,CAAC,CAAC,CAAC;AACP,CAAC;AAED,SAAS,eAAe,CACpB,SAAyB,EACzB,GAAa,EACb,QAAyB;IAEzB,IAAI,CAAC,QAAQ,EAAE;QACX,QAAQ,GAAG,gBAAgB,EAAE,CAAC;KACjC;IAED,SAAS,CAAC,gBAAgB,CAAC,WAAW,EAAE,eAAe,CAAC,CAAC;IACzD,WAAW,CAAC,GAAG,EAAE;QACb,IAAI,OAAO,GAAG,eAAO,CAAC,cAAc,EAAE,CAAC;QACvC,OAAO,CAAC,OAAO,CAAC,CAAC,OAAO,EAAE,EAAE;YACxB,QAAQ,EAAE,WAAW,CAAC;gBAClB,IAAI,EAAE,OAAO;gBACb,OAAO,EAAE,MAAM;aAClB,CAAC,CAAC;QACP,CAAC,CAAC,CAAC;QACH,GAAG,CAAC,SAAS,EAAE,CAAC;QAChB,SAAS,CAAC,QAAQ,CAAC,CAAC;IACxB,CAAC,EAAE,GAAG,CAAC,CAAC;AACZ,CAAC;AAED,SAAS,aAAa,CAClB,OAAgB,EAChB,UAAkB,EAClB,QAAkB,EAClB,OAAgB,EAChB,IAAY,EACZ,MAAc,EACd,KAAa,EACb,IAAY,EACZ,QAAyB;IAEzB,IAAI,gBAAgB,GAAqB,QAAQ,CAAC,aAAa,CAAC,KAAK,CAAC,CAAC;IACvE,gBAAgB,CAAC,SAAS,GAAG,KAAK,CAAC;IAClC,QAAQ,CAAC,cAAc,CAAC,eAAe,CAAoB,CAAC,WAAW,CACpE,gBAAgB,CACnB,CAAC;IAEF,IAAI,gBAAgB,GAAmB,QAAQ,CAAC,aAAa,CAAC,KAAK,CAAC,CAAC;IACrE,gBAAgB,CAAC,SAAS,GAAG,WAAW,CAAC;IACxC,QAAQ,CAAC,cAAc,CAAC,eAAe,CAAoB,CAAC,WAAW,CACpE,gBAAgB,CACnB,CAAC;IAEF,IAAI,mBAAmB,GAAmB,QAAQ,CAAC,aAAa,CAAC,KAAK,CAAC,CAAC;IACxE,mBAAmB,CAAC,SAAS,GAAG,iBAAiB,OAAO,EAAE,CAAC;IAC3D,mBAAmB,CAAC,SAAS,GAAG,QAAQ,CAAC;IACxC,QAAQ,CAAC,cAAc,CAAC,eAAe,CAAoB,CAAC,WAAW,CACpE,mBAAmB,CACtB,CAAC;IAEF,MAAM,IAAI,GAAG,UAAU,GAAG,GAAG,GAAG,OAAO,GAAG,GAAG,GAAG,QAAQ,CAAC;IACzD,OAAO,CAAC,GAAG,CAAC,qBAAqB,EAAE,OAAO,EAAE,IAAI,EAAE,QAAQ,EAAE,OAAO,EAAE,IAAI,CAAC,CAAC;IAC3E,IAAI;QACA,IAAI,CAAC,IAAA,sBAAe,EAAC,OAAO,CAAC,CAAC,QAAQ,CAAC,QAAQ,CAAC,EAAE;YAC9C,MAAM,IAAI,0BAAmB,CAAC,4BAA4B,CAAC,CAAC;SAC/D;QACD,IAAI,MAAM,GAAG,IAAA,gBAAS,EAClB,OAAO,EACP,gBAAgB,EAChB,gBAAgB,EAChB,mBAAmB,EACnB,OAAO,EACP,IAAI,EACJ,MAAM,EACN,IAAI,EACJ,KAAK,EACL,IAAI,CACP,CAAC;QACF,UAAU,EAAE,CAAC;QACb,eAAe,CAAC,gBAAgB,EAAE,MAAM,EAAE,QAAQ,CAAC,CAAC;KACvD;IAAC,OAAO,CAAM,EAAE;QACb,kBAAkB;QAClB,gBAAgB,CAAC,MAAM,EAAE,CAAC;QAC1B,gBAAgB,CAAC,MAAM,EAAE,CAAC;QAC1B,mBAAmB,CAAC,MAAM,EAAE,CAAC;QAC7B,MAAM,CAAC,CAAC;KACX;IAED,OAAO,IAAI,iBAAU,CACjB,gBAAgB,EAChB,gBAAgB,EAChB,mBAAmB,EACnB,MAAM,EACN,QAAQ,EACR,OAAO,CACV,CAAC;AACN,CAAC;AAED,SAAgB,SAAS,CAAC,QAAyB;IAC/C,IAAI,CAAC,QAAQ,EAAE;QACX,QAAQ,GAAG,gBAAgB,EAAE,CAAC;KACjC;IACD,IAAI,KAAK,GAAG,IAAI,sBAAa,EAAE,CAAC;IAChC,KAAK,CAAC,SAAS,GAAG,IAAI,KAAK,EAAE,CAAC;IAE9B,eAAO,CAAC,IAAI,CAAC,OAAO,CAAC,CAAC,OAAO,EAAE,EAAE;QAC7B,KAAK,CAAC,SAAS,EAAE,IAAI,CAAC;YAClB,OAAO,EAAE,OAAO,CAAC,GAAG,CAAC,IAAI;YACzB,QAAQ,EAAE,OAAO,CAAC,KAAK;YACvB,OAAO,EAAE,OAAO,CAAC,IAAI;YACrB,QAAQ,EAAE,OAAO,CAAC,GAAG,CAAC,QAAQ,EAAE;YAChC,SAAS,EAAE,OAAO,CAAC,GAAG,CAAC,MAAM,EAAE,IAAI,IAAI,SAAS;YAChD,MAAM,EAAE,OAAO,CAAC,EAAE,CAAC,KAAK,CAAC,IAAI;YAC7B,QAAQ,EAAE,OAAO,CAAC,EAAE,CAAC,KAAK,CAAC,MAAM;SACpC,CAAC,CAAC;IACP,CAAC,CAAC,CAAC;IACH,KAAK,CAAC,UAAU,GAAG,UAAU,CAAC;IAC9B,QAAQ,EAAE,QAAQ,CAAC,KAAK,CAAC,CAAC;AAC9B,CAAC;AApBD,8BAoBC;AAED,SAAS,YAAY,CACjB,UAAkB,EAClB,OAAgB,EAChB,KAAa,EACb,QAAyB;IAEzB,IAAI,CAAC,QAAQ,EAAE;QACX,QAAQ,GAAG,gBAAgB,EAAE,CAAC;KACjC;IACD,IAAI,KAAK,GAAG,QAAQ,EAAE,QAAQ,EAAE,CAAC;IACjC,IAAI,CAAC,KAAK,EAAE;QACR,UAAU,GAAG,CAAC,CAAC;KAClB;SAAM;QACH,IAAI,KAAK,CAAC,UAAU,KAAK,SAAS,IAAI,KAAK,CAAC,KAAK,CAAC,UAAU,CAAC,EAAE;YAC3D,UAAU,GAAG,CAAC,CAAC;SAClB;aAAM;YACH,UAAU,GAAG,KAAK,CAAC,UAAU,IAAI,CAAC,CAAC;SACtC;KACJ;IAED,IAAI,WAAW,GAAmC,IAAI,GAAG,EAAE,CAAC;IAC5D,KAAK,EAAE,SAAS,EAAE,OAAO,CAAC,CAAC,CAAC,EAAE,EAAE;QAC5B,yCAAyC;QACzC,IAAK,CAAC,CAAC,OAAkB,KAAK,aAAa,EAAE;YACxC,CAAC,CAAC,OAAkB,GAAG,aAAa,CAAC;SACzC;QAED,IAAI;YACA,IAAI,MAAM,GAAG,aAAa,CACtB,CAAC,CAAC,OAAO,2BAAe,EACxB,UAAU,EACV,CAAC,CAAC,QAAQ,gCAAkB,EAC5B,OAAO,EACP,QAAQ,CAAC,CAAC,CAAC,MAAM,IAAI,GAAG,CAAC,EACzB,QAAQ,CAAC,CAAC,CAAC,QAAQ,IAAI,GAAG,CAAC,EAC3B,KAAK,EACL,CAAC,CAAC,OAAO,IAAI,IAAA,kBAAU,EAAC,CAAC,CAAC,OAAO,2BAAe,CAAC,EACjD,QAAQ,CACX,CAAC;YACF,eAAO,CAAC,IAAI,CAAC,MAAM,CAAC,CAAC;YACrB,WAAW,CAAC,GAAG,CAAC,MAAM,CAAC,GAAG,EAAE,CAAC,CAAC,CAAC;SAClC;QAAC,OAAO,mBAAmB,EAAE;YAC1B,OAAO,CAAC,GAAG,CACP,yBAAyB,GAAG,CAAC,CAAC,OAAO,GAAG,gBAAgB,CAC3D,CAAC;SACL;IACL,CAAC,CAAC,CAAC;IACH,WAAW,CAAC,OAAO,CAAC,CAAC,KAAK,EAAE,GAAG,EAAE,EAAE;QAC/B,0BAA0B;QAC1B,IAAI,KAAK,CAAC,QAAQ,KAAK,SAAS,EAAE;YAC9B,GAAG,CAAC,YAAY,CAAC,KAAK,CAAC,QAAQ,CAAC,CAAC;SACpC;QAED,+BAA+B;QAC/B,IAAI,MAAM,GAAG,SAAS,CAAC;QACvB,IAAI,KAAK,CAAC,SAAS,EAAE;YACjB,MAAM,GAAG,eAAO,CAAC,MAAM,CAAC,KAAK,CAAC,SAAS,CAAC,CAAC;YACzC,IAAI,MAAM,EAAE;gBACR,GAAG,CAAC,aAAa,CAAC,MAAM,CAAC,GAAG,CAAC,CAAC;aACjC;SACJ;IACL,CAAC,CAAC,CAAC;AACP,CAAC;AAED,SAAS,mBAAmB;IACxB,OAAO,IAAI,CAAC,KAAK,CAAC,IAAI,CAAC,MAAM,EAAE,GAAG,CAAC,MAAM,CAAC,UAAU,GAAG,GAAG,CAAC,CAAC,CAAC;AACjE,CAAC;AAED,IAAI,MAAyB,EAAE,GAA6B,CAAC;AAE7D,SAAS,UAAU;IACf,MAAM,GAAG,QAAQ,CAAC,cAAc,CAAC,WAAW,CAAsB,CAAC;IACnE,IAAI,CAAC,MAAM,EAAE;QACT,OAAO,CAAC,GAAG,CAAC,kBAAkB,CAAC,CAAC;QAChC,OAAO;KACV;IACD,GAAG,GAAG,MAAM,CAAC,UAAU,CAAC,IAAI,CAA6B,CAAC;IAC1D,IAAI,CAAC,GAAG,EAAE;QACN,OAAO,CAAC,GAAG,CAAC,0BAA0B,CAAC,CAAC;QACxC,OAAO;KACV;IACD,GAAG,CAAC,MAAM,CAAC,KAAK,GAAG,MAAM,CAAC,UAAU,CAAC;IACrC,GAAG,CAAC,MAAM,CAAC,MAAM,GAAG,MAAM,CAAC,WAAW,CAAC;AAC3C,CAAC;AAED,mDAAmD;AACnD,SAAgB,WAAW,CACvB,UAAkB,EAClB,KAAY,EACZ,SAAyB,EACzB,QAAkB,EAClB,OAAgB,EAChB,OAAgB,EAChB,kBAA2B,EAC3B,QAAyB;IAEzB,MAAM,UAAU,GAAW,mBAAmB,CAAC,OAAO,CAAC,CAAC;IACxD,IAAI,KAAK,GAAG,CAAC,CAAC;IACd,IAAI,CAAC,QAAQ,EAAE;QACX,QAAQ,GAAG,gBAAgB,EAAE,CAAC;KACjC;IACD,0BAA0B;IAC1B,MAAM,YAAY,GAAG,QAAQ,CAAC,cAAc,CAAC,YAAY,CAAC,CAAC;IAC3D,IAAI,KAAK,4BAAe,EAAE;QACtB,IAAI,UAAU,GAAG,EAAE,CAAC;QACpB,QAAQ,SAAS,EAAE;YACf;gBACI,UAAU,GAAG,MAAM,CAAC;gBACpB,MAAM;YACV;gBACI,UAAU,GAAG,OAAO,CAAC;gBACrB,MAAM;YACV,yCAAiC;YACjC;gBACI,UAAU,GAAG,OAAO,CAAC;gBACrB,MAAM;SACb;QAED,QAAQ,CAAC,IAAI,CAAC,KAAK,CAAC,eAAe,GAAG,QAAQ,UAAU,gBAAgB,KAAK,eAAe,UAAU,IAAI,OAAO,QAAQ,CAAC;QAC1H,oEAAoE;QACpE,YAAa,CAAC,KAAK,CAAC,eAAe,GAAG,QAAQ,UAAU,gBAAgB,KAAK,eAAe,UAAU,IAAI,OAAO,QAAQ,CAAC;QAE1H,KAAK,GAAG,cAAc,CAAC,OAAO,EAAE,KAAK,CAAC,CAAC,CAAC,yDAAyD;KACpG;SAAM;QACH,QAAQ,CAAC,IAAI,CAAC,KAAK,CAAC,eAAe,GAAG,EAAE,CAAC;QACzC,oEAAoE;QACpE,YAAa,CAAC,KAAK,CAAC,eAAe,GAAG,EAAE,CAAC;KAC5C;IAED,yEAAyE;IACzE,MAAM,OAAO,GAAW,GAAG,EACvB,OAAO,GAAW,GAAG,EACrB,QAAQ,GAAW,GAAG,EACtB,QAAQ,GAAW,IAAI,GAAG,EAAE,CAAC,CAAC,wBAAwB;IAC1D,IAAI,IAAI,GAAW,CAAC,CAAC,CAAC,YAAY;IAClC,IAAI,SAAoB,CAAC;IAEzB,SAAS,SAAS;QACd,IAAI,SAAS,EAAE;YACX,SAAS,CAAC,MAAM,GAAG,IAAI,CAAC;SAC3B;QACD,IAAI,MAAM,EAAE;YACR,MAAM,CAAC,KAAK,CAAC,OAAO,GAAG,OAAO,CAAC;SAClC;QACD,SAAS,GAAG,IAAI,kBAAS,CAAC,GAAG,EAAE,GAAG,EAAE,CAAC,EAAE,CAAC,CAAC,CAAC;IAC9C,CAAC;IAED,SAAS,cAAc;QACnB,IAAI,WAAmB,CAAC;QACxB,IAAI,WAAmB,CAAC;QACxB,IAAI,SAAiB,CAAC;QACtB,IAAI,SAAiB,CAAC;QACtB,OAAO,CAAC,GAAG,CAAC,wBAAwB,CAAC,CAAC;QACtC,MAAM,CAAC,WAAW,GAAG,CAAC,CAAC,EAAE,EAAE;YACvB,IAAI,SAAS,EAAE;gBACX,SAAS,CAAC,MAAM,GAAG,IAAI,CAAC;aAC3B;YACD,IAAI,MAAM,EAAE;gBACR,MAAM,CAAC,KAAK,CAAC,OAAO,GAAG,OAAO,CAAC;aAClC;YACD,SAAS,GAAG,CAAC,CAAC,OAAO,CAAC;YACtB,SAAS,GAAG,CAAC,CAAC,OAAO,CAAC;YACtB,WAAW,GAAG,CAAC,CAAC,OAAO,CAAC;YACxB,WAAW,GAAG,CAAC,CAAC,OAAO,CAAC;YACxB,SAAS,GAAG,IAAI,kBAAS,CAAC,CAAC,CAAC,OAAO,EAAE,CAAC,CAAC,OAAO,EAAE,CAAC,EAAE,CAAC,CAAC,CAAC;YAEtD,eAAO,CAAC,IAAI,CAAC,OAAO,CAAC,CAAC,KAAK,EAAE,EAAE;gBAC3B,IAAI,KAAK,CAAC,GAAG,CAAC,QAAQ,EAAE;oBACpB,KAAK,CAAC,GAAG,CAAC,KAAK,CAAC,SAAS,EAAE,MAAM,CAAC,CAAC;iBACtC;YACL,CAAC,CAAC,CAAC;YACH,SAAS,CAAC,MAAM,GAAG,IAAI,CAAC;YAExB,QAAQ,EAAE,CAAC;YAEX,MAAM,CAAC,WAAW,GAAG,CAAC,EAAE,EAAE,EAAE;gBACxB,EAAE,CAAC,cAAc,EAAE,CAAC;gBACpB,IAAI,SAAS,EAAE;oBACX,SAAS,CAAC,MAAM,GAAG,IAAI,CAAC;iBAC3B;gBACD,WAAW,GAAG,SAAS,CAAC;gBACxB,WAAW,GAAG,SAAS,CAAC;gBACxB,SAAS,GAAG,EAAE,CAAC,OAAO,CAAC;gBACvB,SAAS,GAAG,EAAE,CAAC,OAAO,CAAC;gBACvB,SAAS,GAAG,IAAI,kBAAS,CAAC,EAAE,CAAC,OAAO,EAAE,EAAE,CAAC,OAAO,EAAE,CAAC,EAAE,CAAC,CAAC,CAAC;gBACxD,QAAQ,EAAE,CAAC;YACf,CAAC,CAAC;YACF,MAAM,CAAC,SAAS,GAAG,CAAC,EAAE,EAAE,EAAE;gBACtB,EAAE,CAAC,cAAc,EAAE,CAAC;gBACpB,MAAM,CAAC,SAAS,GAAG,IAAI,CAAC;gBACxB,MAAM,CAAC,WAAW,GAAG,IAAI,CAAC;gBAE1B,SAAS,GAAG,IAAI,kBAAS,CACrB,SAAS,EACT,SAAS,EACT,SAAS,GAAG,WAAW,EACvB,SAAS,GAAG,WAAW,CAC1B,CAAC;gBACF,eAAO,CAAC,IAAI,CAAC,OAAO,CAAC,CAAC,KAAK,EAAE,EAAE;oBAC3B,IAAI,KAAK,CAAC,GAAG,CAAC,QAAQ,EAAE;wBACpB,KAAK,CAAC,GAAG,CAAC,KAAK,CAAC,SAAS,EAAE,MAAM,CAAC,CAAC;qBACtC;gBACL,CAAC,CAAC,CAAC;gBACH,SAAS,EAAE,CAAC;YAChB,CAAC,CAAC;QACN,CAAC,CAAC;IACN,CAAC;IACD,SAAS,eAAe;QACpB,OAAO,CAAC,GAAG,CAAC,yBAAyB,CAAC,CAAC;QACvC,MAAM,CAAC,WAAW,GAAG,IAAI,CAAC;QAC1B,IAAI,SAAS,EAAE;YACX,SAAS,CAAC,MAAM,GAAG,IAAI,CAAC;SAC3B;QACD,IAAI,MAAM,EAAE;YACR,MAAM,CAAC,KAAK,CAAC,OAAO,GAAG,MAAM,CAAC;SACjC;IACL,CAAC;IACD,SAAS,SAAS;QACd,IAAI,CAAC,SAAS,CAAC,MAAM,EAAE;YACnB,qBAAqB,CAAC,SAAS,CAAC,CAAC;SACpC;QAED,4BAA4B;QAC5B,MAAM,GAAG,GAAG,IAAI,CAAC,GAAG,EAAE,CAAC;QACvB,MAAM,OAAO,GAAG,GAAG,GAAG,IAAI,CAAC;QAC3B,IAAI,OAAO,IAAI,QAAQ,EAAE;YACrB,OAAO;SACV;QACD,IAAI,GAAG,GAAG,GAAG,CAAC,OAAO,GAAG,QAAQ,CAAC,CAAC;QAElC,IAAI,SAAS,CAAC,EAAE,GAAG,UAAU,IAAI,MAAM,CAAC,KAAK,EAAE;YAC3C,SAAS,CAAC,EAAE,GAAG,CAAC,SAAS,CAAC,EAAE,GAAG,OAAO,CAAC;YACvC,SAAS,CAAC,EAAE,GAAG,MAAM,CAAC,KAAK,GAAG,UAAU,CAAC;SAC5C;aAAM,IAAI,SAAS,CAAC,EAAE,GAAG,UAAU,IAAI,CAAC,EAAE;YACvC,SAAS,CAAC,EAAE,GAAG,CAAC,SAAS,CAAC,EAAE,GAAG,OAAO,CAAC;YACvC,SAAS,CAAC,EAAE,GAAG,UAAU,CAAC;SAC7B;QACD,IAAI,SAAS,CAAC,EAAE,GAAG,UAAU,GAAG,KAAK,IAAI,MAAM,CAAC,MAAM,EAAE;YACpD,SAAS,CAAC,EAAE,GAAG,CAAC,SAAS,CAAC,EAAE,GAAG,OAAO,CAAC;YACvC,SAAS,CAAC,EAAE,GAAG,MAAM,CAAC,MAAM,GAAG,UAAU,GAAG,KAAK,CAAC;YAClD,gBAAgB;YAChB,SAAS,CAAC,EAAE,IAAI,QAAQ,CAAC;SAC5B;aAAM,IAAI,SAAS,CAAC,EAAE,GAAG,UAAU,IAAI,CAAC,EAAE;YACvC,SAAS,CAAC,EAAE,GAAG,CAAC,SAAS,CAAC,EAAE,GAAG,OAAO,CAAC;YACvC,SAAS,CAAC,EAAE,GAAG,UAAU,CAAC;SAC7B;QAED,SAAS,CAAC,EAAE,IAAI,OAAO,CAAC;QAExB,SAAS,CAAC,EAAE,IAAI,SAAS,CAAC,EAAE,CAAC;QAC7B,SAAS,CAAC,EAAE,IAAI,SAAS,CAAC,EAAE,CAAC;QAC7B,QAAQ,EAAE,CAAC;IACf,CAAC;IAED,SAAS,QAAQ;QACb,GAAG,CAAC,SAAS,CAAC,CAAC,EAAE,CAAC,EAAE,MAAM,CAAC,KAAK,EAAE,MAAM,CAAC,MAAM,CAAC,CAAC;QAEjD,GAAG,CAAC,SAAS,EAAE,CAAC;QAChB,GAAG,CAAC,GAAG,CAAC,SAAS,CAAC,EAAE,EAAE,SAAS,CAAC,EAAE,EAAE,UAAU,EAAE,CAAC,EAAE,CAAC,GAAG,IAAI,CAAC,EAAE,EAAE,KAAK,CAAC,CAAC;QACvE,GAAG,CAAC,SAAS,GAAG,SAAS,CAAC;QAC1B,GAAG,CAAC,IAAI,EAAE,CAAC;IACf,CAAC;IAED,OAAO,CAAC,GAAG,CACP,sBAAsB,EACtB,QAAQ,EACR,UAAU,EACV,OAAO,EACP,kBAAkB,CACrB,CAAC;IAEF,cAAc;IACd,IAAI,KAAK,GAAG,QAAQ,EAAE,QAAQ,EAAE,CAAC;IACjC,IAAI,CAAC,KAAK,EAAE;QACR,OAAO,CAAC,GAAG,CAAC,mCAAmC,CAAC,CAAC;QACjD,UAAU,GAAG,CAAC,CAAC;QACf,eAAO,CAAC,IAAI,CACR,aAAa,CACT,OAAO,EACP,UAAU,EACV,QAAQ,EACR,OAAO,EACP,mBAAmB,EAAE,EACrB,KAAK,EACL,KAAK,EACL,IAAA,kBAAU,EAAC,OAAO,CAAC,EACnB,QAAQ,CACX,CACJ,CAAC;QACF,SAAS,CAAC,QAAQ,CAAC,CAAC;KACvB;SAAM;QACH,OAAO,CAAC,GAAG,CAAC,qBAAqB,EAAE,KAAK,CAAC,CAAC;QAC1C,YAAY,CAAC,UAAU,EAAE,OAAO,EAAE,KAAK,EAAE,QAAQ,CAAC,CAAC;KACtD;IAED,UAAU,EAAE,CAAC;IAEb,IAAI,kBAAkB,EAAE;QACpB,cAAc,EAAE,CAAC;KACpB;SAAM;QACH,eAAe,EAAE,CAAC;KACrB;IAED,yDAAyD;IACzD,MAAM,CAAC,gBAAgB,CAAC,SAAS,EAAE,CAAC,KAAK,EAAQ,EAAE;QAC/C,MAAM,OAAO,GAAG,KAAK,CAAC,IAAI,CAAC,CAAC,wCAAwC;QACpE,QAAQ,OAAO,CAAC,OAAO,EAAE;YACrB,KAAK,kBAAkB;gBACnB,IAAI,OAAO,CAAC,OAAO,EAAE;oBACjB,cAAc,EAAE,CAAC;iBACpB;qBAAM;oBACH,eAAe,EAAE,CAAC;iBACrB;gBACD,MAAM;YACV,KAAK,YAAY;gBACb,SAAS,EAAE,CAAC;gBACZ,SAAS,EAAE,CAAC;gBACZ,eAAO,CAAC,IAAI,CAAC,OAAO,CAAC,CAAC,KAAK,EAAE,EAAE;oBAC3B,IAAI,KAAK,CAAC,GAAG,CAAC,QAAQ,EAAE;wBACpB,KAAK,CAAC,GAAG,CAAC,KAAK,CAAC,SAAS,EAAE,MAAM,CAAC,CAAC;qBACtC;gBACL,CAAC,CAAC,CAAC;gBACH,MAAM;YACV,KAAK,WAAW;gBACZ,eAAO,CAAC,IAAI,CACR,aAAa,CACT,OAAO,CAAC,IAAI,EACZ,UAAU,EACV,OAAO,CAAC,KAAK,EACb,OAAO,EACP,mBAAmB,EAAE,EACrB,KAAK,EACL,KAAK,EACL,OAAO,CAAC,IAAI,IAAI,IAAA,kBAAU,EAAC,OAAO,CAAC,IAAI,CAAC,EACxC,QAAQ,CACX,CACJ,CAAC;gBACF,SAAS,CAAC,QAAQ,CAAC,CAAC;gBACpB,MAAM;YAEV,KAAK,WAAW;gBACZ,IAAI,IAAI,GAAG,eAAO,CAAC,IAAI,CAAC;gBACxB,QAAQ,EAAE,WAAW,CAAC;oBAClB,OAAO,EAAE,WAAW;oBACpB,IAAI,EAAE,IAAI;yBACL,GAAG,CACA,CAAC,GAAG,EAAE,EAAE,CAAC,GAAG,GAAG,CAAC,IAAI,IAAI,GAAG,CAAC,GAAG,CAAC,IAAI,IAAI,GAAG,CAAC,KAAK,EAAE,CACtD;yBACA,IAAI,CAAC,IAAI,CAAC;iBAClB,CAAC,CAAC;gBACH,MAAM;YAEV,KAAK,WAAW;gBACZ,IAAI,IAAI,GAAG,eAAO,CAAC,IAAI,CAAC;gBACxB,0BAA0B;gBAC1B,oCAAoC;gBACpC,IAAI,CAAC,OAAO,CAAC,CAAC,GAAG,EAAE,EAAE;oBACjB,QAAQ,EAAE,WAAW,CAAC;wBAClB,OAAO,EAAE,MAAM;wBACf,IAAI,EAAE,GAAG,GAAG,CAAC,GAAG,CAAC,KAAK,IAAI,GAAG,CAAC,GAAG,CAAC,IAAI,KAAK,GAAG,CAAC,KAAK,IAAI,GAAG,CAAC,IAAI,MAAM,GAAG,CAAC,GAAG,CAAC,KAAK,EAAE;qBACxF,CAAC,CAAC;gBACP,CAAC,CAAC,CAAC;YACP,KAAK,YAAY;gBACb,IAAI,GAAG,GAAG,eAAO,CAAC,MAAM,CAAC,OAAO,CAAC,IAAI,CAAC,CAAC;gBACvC,IAAI,GAAG,EAAE;oBACL,eAAO,CAAC,MAAM,CAAC,OAAO,CAAC,IAAI,CAAC,CAAC;oBAC7B,SAAS,CAAC,QAAQ,CAAC,CAAC;oBACpB,QAAQ,EAAE,WAAW,CAAC;wBAClB,OAAO,EAAE,MAAM;wBACf,IAAI,EAAE,iBAAiB,GAAG,OAAO,CAAC,IAAI;qBACzC,CAAC,CAAC;iBACN;qBAAM;oBACH,QAAQ,EAAE,WAAW,CAAC;wBAClB,OAAO,EAAE,OAAO;wBAChB,IAAI,EAAE,sBAAsB,OAAO,CAAC,IAAI,EAAE;qBAC7C,CAAC,CAAC;iBACN;gBACD,MAAM;YACV,KAAK,WAAW;gBACZ,eAAO,CAAC,KAAK,EAAE,CAAC;gBAChB,UAAU,GAAG,CAAC,CAAC;gBACf,SAAS,CAAC,QAAQ,CAAC,CAAC;gBACpB,MAAM;YACV,KAAK,WAAW;gBACZ,UAAU,GAAG,CAAC,CAAC;gBACf,SAAS,CAAC,QAAQ,CAAC,CAAC;gBACpB,MAAM;SACb;IACL,CAAC,CAAC,CAAC;AACP,CAAC;AA/SD,kCA+SC;AACD,MAAM,CAAC,gBAAgB,CAAC,QAAQ,EAAE;IAC9B,UAAU,EAAE,CAAC;AACjB,CAAC,CAAC,CAAC"},"_coverageSchema":"1a1c01bbd47fc00a2c39e90264f33305004495a9","hash":"d938128f2570cf813d86054282c006ac09f38fe7"}}